

Started GET "/" for 127.0.0.1 at 2014-04-08 19:29:33 -0700

ActiveRecord::PendingMigrationError (Migrations are pending; run 'bin/rake db:migrate RAILS_ENV=development' to resolve this issue.):
  activerecord (4.0.4) lib/active_record/migration.rb:383:in `check_pending!'
  activerecord (4.0.4) lib/active_record/migration.rb:370:in `call'
  actionpack (4.0.4) lib/action_dispatch/middleware/callbacks.rb:29:in `block in call'
  activesupport (4.0.4) lib/active_support/callbacks.rb:373:in `_run__1604937645415434681__call__callbacks'
  activesupport (4.0.4) lib/active_support/callbacks.rb:80:in `run_callbacks'
  actionpack (4.0.4) lib/action_dispatch/middleware/callbacks.rb:27:in `call'
  actionpack (4.0.4) lib/action_dispatch/middleware/reloader.rb:64:in `call'
  actionpack (4.0.4) lib/action_dispatch/middleware/remote_ip.rb:76:in `call'
  actionpack (4.0.4) lib/action_dispatch/middleware/debug_exceptions.rb:17:in `call'
  actionpack (4.0.4) lib/action_dispatch/middleware/show_exceptions.rb:30:in `call'
  railties (4.0.4) lib/rails/rack/logger.rb:38:in `call_app'
  railties (4.0.4) lib/rails/rack/logger.rb:20:in `block in call'
  activesupport (4.0.4) lib/active_support/tagged_logging.rb:68:in `block in tagged'
  activesupport (4.0.4) lib/active_support/tagged_logging.rb:26:in `tagged'
  activesupport (4.0.4) lib/active_support/tagged_logging.rb:68:in `tagged'
  railties (4.0.4) lib/rails/rack/logger.rb:20:in `call'
  actionpack (4.0.4) lib/action_dispatch/middleware/request_id.rb:21:in `call'
  rack (1.5.2) lib/rack/methodoverride.rb:21:in `call'
  rack (1.5.2) lib/rack/runtime.rb:17:in `call'
  activesupport (4.0.4) lib/active_support/cache/strategy/local_cache.rb:83:in `call'
  rack (1.5.2) lib/rack/lock.rb:17:in `call'
  actionpack (4.0.4) lib/action_dispatch/middleware/static.rb:64:in `call'
  rack (1.5.2) lib/rack/sendfile.rb:112:in `call'
  railties (4.0.4) lib/rails/engine.rb:511:in `call'
  railties (4.0.4) lib/rails/application.rb:97:in `call'
  /Users/Greg/Library/Application Support/Pow/Versions/0.4.1/node_modules/nack/lib/nack/server.rb:145:in `handle'
  /Users/Greg/Library/Application Support/Pow/Versions/0.4.1/node_modules/nack/lib/nack/server.rb:99:in `rescue in block (2 levels) in start'
  /Users/Greg/Library/Application Support/Pow/Versions/0.4.1/node_modules/nack/lib/nack/server.rb:96:in `block (2 levels) in start'
  /Users/Greg/Library/Application Support/Pow/Versions/0.4.1/node_modules/nack/lib/nack/server.rb:86:in `each'
  /Users/Greg/Library/Application Support/Pow/Versions/0.4.1/node_modules/nack/lib/nack/server.rb:86:in `block in start'
  /Users/Greg/Library/Application Support/Pow/Versions/0.4.1/node_modules/nack/lib/nack/server.rb:66:in `loop'
  /Users/Greg/Library/Application Support/Pow/Versions/0.4.1/node_modules/nack/lib/nack/server.rb:66:in `start'
  /Users/Greg/Library/Application Support/Pow/Versions/0.4.1/node_modules/nack/lib/nack/server.rb:13:in `run'
  /Users/Greg/Library/Application Support/Pow/Versions/0.4.1/node_modules/nack/bin/nack_worker:4:in `<main>'


  Rendered /Users/Greg/.rvm/gems/ruby-2.1.0/gems/actionpack-4.0.4/lib/action_dispatch/middleware/templates/rescues/_source.erb (0.6ms)
  Rendered /Users/Greg/.rvm/gems/ruby-2.1.0/gems/actionpack-4.0.4/lib/action_dispatch/middleware/templates/rescues/_trace.erb (1.1ms)
  Rendered /Users/Greg/.rvm/gems/ruby-2.1.0/gems/actionpack-4.0.4/lib/action_dispatch/middleware/templates/rescues/_request_and_response.erb (0.9ms)
  Rendered /Users/Greg/.rvm/gems/ruby-2.1.0/gems/actionpack-4.0.4/lib/action_dispatch/middleware/templates/rescues/diagnostics.erb within rescues/layout (20.6ms)


Started GET "/" for 127.0.0.1 at 2014-04-08 19:29:41 -0700

ActiveRecord::PendingMigrationError (Migrations are pending; run 'bin/rake db:migrate RAILS_ENV=development' to resolve this issue.):
  activerecord (4.0.4) lib/active_record/migration.rb:383:in `check_pending!'
  activerecord (4.0.4) lib/active_record/migration.rb:370:in `call'
  actionpack (4.0.4) lib/action_dispatch/middleware/callbacks.rb:29:in `block in call'
  activesupport (4.0.4) lib/active_support/callbacks.rb:373:in `_run__76127618119802857__call__callbacks'
  activesupport (4.0.4) lib/active_support/callbacks.rb:80:in `run_callbacks'
  actionpack (4.0.4) lib/action_dispatch/middleware/callbacks.rb:27:in `call'
  actionpack (4.0.4) lib/action_dispatch/middleware/reloader.rb:64:in `call'
  actionpack (4.0.4) lib/action_dispatch/middleware/remote_ip.rb:76:in `call'
  actionpack (4.0.4) lib/action_dispatch/middleware/debug_exceptions.rb:17:in `call'
  actionpack (4.0.4) lib/action_dispatch/middleware/show_exceptions.rb:30:in `call'
  railties (4.0.4) lib/rails/rack/logger.rb:38:in `call_app'
  railties (4.0.4) lib/rails/rack/logger.rb:20:in `block in call'
  activesupport (4.0.4) lib/active_support/tagged_logging.rb:68:in `block in tagged'
  activesupport (4.0.4) lib/active_support/tagged_logging.rb:26:in `tagged'
  activesupport (4.0.4) lib/active_support/tagged_logging.rb:68:in `tagged'
  railties (4.0.4) lib/rails/rack/logger.rb:20:in `call'
  actionpack (4.0.4) lib/action_dispatch/middleware/request_id.rb:21:in `call'
  rack (1.5.2) lib/rack/methodoverride.rb:21:in `call'
  rack (1.5.2) lib/rack/runtime.rb:17:in `call'
  activesupport (4.0.4) lib/active_support/cache/strategy/local_cache.rb:83:in `call'
  rack (1.5.2) lib/rack/lock.rb:17:in `call'
  actionpack (4.0.4) lib/action_dispatch/middleware/static.rb:64:in `call'
  rack (1.5.2) lib/rack/sendfile.rb:112:in `call'
  railties (4.0.4) lib/rails/engine.rb:511:in `call'
  railties (4.0.4) lib/rails/application.rb:97:in `call'
  rack (1.5.2) lib/rack/lock.rb:17:in `call'
  rack (1.5.2) lib/rack/content_length.rb:14:in `call'
  rack (1.5.2) lib/rack/handler/webrick.rb:60:in `service'
  /Users/Greg/.rvm/rubies/ruby-2.1.0/lib/ruby/2.1.0/webrick/httpserver.rb:138:in `service'
  /Users/Greg/.rvm/rubies/ruby-2.1.0/lib/ruby/2.1.0/webrick/httpserver.rb:94:in `run'
  /Users/Greg/.rvm/rubies/ruby-2.1.0/lib/ruby/2.1.0/webrick/server.rb:295:in `block in start_thread'


  Rendered /Users/Greg/.rvm/gems/ruby-2.1.0/gems/actionpack-4.0.4/lib/action_dispatch/middleware/templates/rescues/_source.erb (0.6ms)
  Rendered /Users/Greg/.rvm/gems/ruby-2.1.0/gems/actionpack-4.0.4/lib/action_dispatch/middleware/templates/rescues/_trace.erb (0.9ms)
  Rendered /Users/Greg/.rvm/gems/ruby-2.1.0/gems/actionpack-4.0.4/lib/action_dispatch/middleware/templates/rescues/_request_and_response.erb (1.5ms)
  Rendered /Users/Greg/.rvm/gems/ruby-2.1.0/gems/actionpack-4.0.4/lib/action_dispatch/middleware/templates/rescues/diagnostics.erb within rescues/layout (22.6ms)
  [1m[36m (1.2ms)[0m  [1mCREATE TABLE "schema_migrations" ("version" varchar(255) NOT NULL) [0m
  [1m[35m (0.9ms)[0m  CREATE UNIQUE INDEX "unique_schema_migrations" ON "schema_migrations" ("version")
  [1m[36mActiveRecord::SchemaMigration Load (0.1ms)[0m  [1mSELECT "schema_migrations".* FROM "schema_migrations"[0m
Migrating to CreateUsers (20140404022638)
  [1m[35m (0.1ms)[0m  begin transaction
  [1m[36m (0.4ms)[0m  [1mCREATE TABLE "users" ("id" INTEGER PRIMARY KEY AUTOINCREMENT NOT NULL, "name" varchar(255), "email" varchar(255), "password_digest" varchar(255), "created_at" datetime, "updated_at" datetime) [0m
  [1m[35mSQL (0.2ms)[0m  INSERT INTO "schema_migrations" ("version") VALUES (?)  [["version", "20140404022638"]]
  [1m[36m (1.1ms)[0m  [1mcommit transaction[0m
Migrating to CreateCars (20140404022729)
  [1m[35m (0.1ms)[0m  begin transaction
  [1m[36m (0.3ms)[0m  [1mCREATE TABLE "cars" ("id" INTEGER PRIMARY KEY AUTOINCREMENT NOT NULL, "make" varchar(255), "car_model" varchar(255), "year" integer, "created_at" datetime, "updated_at" datetime) [0m
  [1m[35mSQL (0.1ms)[0m  INSERT INTO "schema_migrations" ("version") VALUES (?)  [["version", "20140404022729"]]
  [1m[36m (0.9ms)[0m  [1mcommit transaction[0m
Migrating to CreateOwnerships (20140404022753)
  [1m[35m (0.1ms)[0m  begin transaction
  [1m[36m (0.3ms)[0m  [1mCREATE TABLE "ownerships" ("id" INTEGER PRIMARY KEY AUTOINCREMENT NOT NULL, "user_id" varchar(255), "car_id" varchar(255), "created_at" datetime, "updated_at" datetime) [0m
  [1m[35mSQL (0.1ms)[0m  INSERT INTO "schema_migrations" ("version") VALUES (?)  [["version", "20140404022753"]]
  [1m[36m (0.7ms)[0m  [1mcommit transaction[0m
  [1m[35mActiveRecord::SchemaMigration Load (0.1ms)[0m  SELECT "schema_migrations".* FROM "schema_migrations"


Started GET "/" for 127.0.0.1 at 2014-04-08 19:30:13 -0700
  [1m[36mActiveRecord::SchemaMigration Load (0.1ms)[0m  [1mSELECT "schema_migrations".* FROM "schema_migrations"[0m
Processing by SessionsController#new as HTML
  Rendered sessions/new.html.erb within layouts/application (1.2ms)
Completed 200 OK in 97ms (Views: 77.8ms | ActiveRecord: 0.0ms)


Started GET "/assets/bootstrap_overrides.css?body=1" for 127.0.0.1 at 2014-04-08 19:30:13 -0700


Started GET "/assets/jquery_ujs.js?body=1" for 127.0.0.1 at 2014-04-08 19:30:13 -0700


Started GET "/assets/application.css?body=1" for 127.0.0.1 at 2014-04-08 19:30:13 -0700


Started GET "/assets/application.js?body=1" for 127.0.0.1 at 2014-04-08 19:30:13 -0700


Started GET "/assets/jquery.js?body=1" for 127.0.0.1 at 2014-04-08 19:30:13 -0700


Started GET "/signup" for 127.0.0.1 at 2014-04-08 19:30:32 -0700
Processing by UsersController#new as HTML
  Rendered users/new.html.erb within layouts/application (6.3ms)
Completed 200 OK in 12ms (Views: 10.5ms | ActiveRecord: 0.0ms)


Started GET "/assets/bootstrap_overrides.css?body=1" for 127.0.0.1 at 2014-04-08 19:30:32 -0700


Started GET "/assets/application.css?body=1" for 127.0.0.1 at 2014-04-08 19:30:32 -0700


Started GET "/assets/jquery.js?body=1" for 127.0.0.1 at 2014-04-08 19:30:32 -0700


Started GET "/assets/jquery_ujs.js?body=1" for 127.0.0.1 at 2014-04-08 19:30:32 -0700
  [1m[36m (1.5ms)[0m  [1mCREATE TABLE "schema_migrations" ("version" varchar(255) NOT NULL) [0m
  [1m[35m (1.1ms)[0m  CREATE UNIQUE INDEX "unique_schema_migrations" ON "schema_migrations" ("version")
  [1m[36mActiveRecord::SchemaMigration Load (0.1ms)[0m  [1mSELECT "schema_migrations".* FROM "schema_migrations"[0m
Migrating to CreateUsers (20140404022638)
  [1m[35m (0.1ms)[0m  begin transaction
  [1m[36m (0.4ms)[0m  [1mCREATE TABLE "users" ("id" INTEGER PRIMARY KEY AUTOINCREMENT NOT NULL, "name" varchar(255), "email" varchar(255), "password_digest" varchar(255), "created_at" datetime, "updated_at" datetime) [0m
  [1m[35mSQL (0.2ms)[0m  INSERT INTO "schema_migrations" ("version") VALUES (?)  [["version", "20140404022638"]]
  [1m[36m (1.1ms)[0m  [1mcommit transaction[0m
Migrating to CreateCars (20140404022729)
  [1m[35m (0.1ms)[0m  begin transaction
  [1m[36m (0.3ms)[0m  [1mCREATE TABLE "cars" ("id" INTEGER PRIMARY KEY AUTOINCREMENT NOT NULL, "make" varchar(255), "car_model" varchar(255), "year" integer, "created_at" datetime, "updated_at" datetime) [0m
  [1m[35mSQL (0.1ms)[0m  INSERT INTO "schema_migrations" ("version") VALUES (?)  [["version", "20140404022729"]]
  [1m[36m (0.9ms)[0m  [1mcommit transaction[0m
Migrating to CreateOwnerships (20140404022753)
  [1m[35m (0.1ms)[0m  begin transaction
  [1m[36m (0.3ms)[0m  [1mCREATE TABLE "ownerships" ("id" INTEGER PRIMARY KEY AUTOINCREMENT NOT NULL, "user_id" varchar(255), "car_id" varchar(255), "created_at" datetime, "updated_at" datetime) [0m
  [1m[35mSQL (0.1ms)[0m  INSERT INTO "schema_migrations" ("version") VALUES (?)  [["version", "20140404022753"]]
  [1m[36m (0.9ms)[0m  [1mcommit transaction[0m
  [1m[35mActiveRecord::SchemaMigration Load (0.1ms)[0m  SELECT "schema_migrations".* FROM "schema_migrations"


Started POST "/signup" for 127.0.0.1 at 2014-04-08 19:30:51 -0700
Processing by UsersController#create as HTML
  Parameters: {"utf8"=>"✓", "authenticity_token"=>"8Dbwq1whWRn2vhrF0wlnw8wkE/EWA4KrAUqC763h4TM=", "user"=>{"name"=>"Greg", "email"=>"gbuckner23@gmail.com", "password"=>"[FILTERED]", "password_confirmation"=>"[FILTERED]"}, "commit"=>"Join Garage.io"}
  [1m[35m (0.1ms)[0m  begin transaction
  [1m[36mUser Exists (0.2ms)[0m  [1mSELECT 1 AS one FROM "users" WHERE "users"."email" = 'gbuckner23@gmail.com' LIMIT 1[0m
Binary data inserted for `string` type on column `password_digest`
  [1m[35mSQL (5.0ms)[0m  INSERT INTO "users" ("created_at", "email", "name", "password_digest", "updated_at") VALUES (?, ?, ?, ?, ?)  [["created_at", Wed, 09 Apr 2014 02:30:51 UTC +00:00], ["email", "gbuckner23@gmail.com"], ["name", "Greg"], ["password_digest", "$2a$10$b0lxhq.tFXWBWBgbf6kENe0cvgGSuYBRg6W3C.xq1LcM3dc9wTRkS"], ["updated_at", Wed, 09 Apr 2014 02:30:51 UTC +00:00]]
  [1m[36m (0.8ms)[0m  [1mcommit transaction[0m
Redirected to http://localhost:3000/cars/index
Completed 302 Found in 119ms (ActiveRecord: 6.6ms)


Started GET "/cars/index" for 127.0.0.1 at 2014-04-08 19:30:51 -0700
Processing by CarsController#show as HTML
  Parameters: {"id"=>"index"}
  [1m[35mUser Load (0.2ms)[0m  SELECT "users".* FROM "users" WHERE "users"."id" = ? LIMIT 1  [["id", 1]]
  [1m[36mCar Load (0.1ms)[0m  [1mSELECT "cars".* FROM "cars" WHERE "cars"."id" = ? LIMIT 1[0m  [["id", "index"]]
Completed 404 Not Found in 6ms

ActiveRecord::RecordNotFound (Couldn't find Car with id=index):
  app/controllers/cars_controller.rb:10:in `show'


  Rendered /Users/Greg/.rvm/gems/ruby-2.1.0/gems/actionpack-4.0.4/lib/action_dispatch/middleware/templates/rescues/_source.erb (0.7ms)
  Rendered /Users/Greg/.rvm/gems/ruby-2.1.0/gems/actionpack-4.0.4/lib/action_dispatch/middleware/templates/rescues/_trace.erb (1.0ms)
  Rendered /Users/Greg/.rvm/gems/ruby-2.1.0/gems/actionpack-4.0.4/lib/action_dispatch/middleware/templates/rescues/_request_and_response.erb (1.0ms)
  Rendered /Users/Greg/.rvm/gems/ruby-2.1.0/gems/actionpack-4.0.4/lib/action_dispatch/middleware/templates/rescues/diagnostics.erb within rescues/layout (19.0ms)


Started GET "/cars/index" for 127.0.0.1 at 2014-04-08 19:32:05 -0700
Processing by CarsController#show as HTML
  Parameters: {"id"=>"index"}
  [1m[35mUser Load (0.1ms)[0m  SELECT "users".* FROM "users" WHERE "users"."id" = ? LIMIT 1  [["id", 1]]
  [1m[36mCar Load (0.1ms)[0m  [1mSELECT "cars".* FROM "cars" WHERE "cars"."id" = ? LIMIT 1[0m  [["id", "index"]]
Completed 404 Not Found in 12ms

ActiveRecord::RecordNotFound (Couldn't find Car with id=index):
  app/controllers/cars_controller.rb:10:in `show'


  Rendered /Users/Greg/.rvm/gems/ruby-2.1.0/gems/actionpack-4.0.4/lib/action_dispatch/middleware/templates/rescues/_source.erb (1.1ms)
  Rendered /Users/Greg/.rvm/gems/ruby-2.1.0/gems/actionpack-4.0.4/lib/action_dispatch/middleware/templates/rescues/_trace.erb (1.2ms)
  Rendered /Users/Greg/.rvm/gems/ruby-2.1.0/gems/actionpack-4.0.4/lib/action_dispatch/middleware/templates/rescues/_request_and_response.erb (1.0ms)
  Rendered /Users/Greg/.rvm/gems/ruby-2.1.0/gems/actionpack-4.0.4/lib/action_dispatch/middleware/templates/rescues/diagnostics.erb within rescues/layout (18.7ms)


Started GET "/cars" for 127.0.0.1 at 2014-04-08 19:32:08 -0700
Processing by CarsController#index as HTML
  [1m[35mUser Load (0.1ms)[0m  SELECT "users".* FROM "users" WHERE "users"."id" = ? LIMIT 1  [["id", 1]]
  [1m[36mCar Load (0.2ms)[0m  [1mSELECT "cars".* FROM "cars"[0m
  Rendered cars/index.html.erb within layouts/application (1.3ms)
Completed 200 OK in 8ms (Views: 6.5ms | ActiveRecord: 0.3ms)


Started GET "/assets/application.css?body=1" for 127.0.0.1 at 2014-04-08 19:32:08 -0700


Started GET "/assets/jquery.js?body=1" for 127.0.0.1 at 2014-04-08 19:32:08 -0700


Started GET "/assets/jquery_ujs.js?body=1" for 127.0.0.1 at 2014-04-08 19:32:08 -0700


Started GET "/assets/bootstrap_overrides.css?body=1" for 127.0.0.1 at 2014-04-08 19:32:08 -0700


Started GET "/cars" for 127.0.0.1 at 2014-04-08 19:32:18 -0700
Processing by CarsController#index as HTML
  [1m[35mUser Load (0.2ms)[0m  SELECT "users".* FROM "users" WHERE "users"."id" = ? LIMIT 1  [["id", 1]]
  [1m[36mCar Load (0.2ms)[0m  [1mSELECT "cars".* FROM "cars"[0m
  Rendered cars/index.html.erb within layouts/application (0.9ms)
Completed 200 OK in 7ms (Views: 4.6ms | ActiveRecord: 0.3ms)


Started GET "/assets/jquery.js?body=1" for 127.0.0.1 at 2014-04-08 19:32:18 -0700


Started GET "/assets/bootstrap_overrides.css?body=1" for 127.0.0.1 at 2014-04-08 19:32:18 -0700


Started GET "/assets/application.css?body=1" for 127.0.0.1 at 2014-04-08 19:32:18 -0700


Started GET "/assets/jquery_ujs.js?body=1" for 127.0.0.1 at 2014-04-08 19:32:18 -0700


Started GET "/cars/new" for 127.0.0.1 at 2014-04-08 19:32:32 -0700
Processing by CarsController#new as HTML
  [1m[35mUser Load (0.2ms)[0m  SELECT "users".* FROM "users" WHERE "users"."id" = ? LIMIT 1  [["id", 1]]
  Rendered cars/new.html.erb within layouts/application (2.8ms)
Completed 200 OK in 9ms (Views: 7.2ms | ActiveRecord: 0.2ms)


Started GET "/assets/application.css?body=1" for 127.0.0.1 at 2014-04-08 19:32:32 -0700


Started GET "/assets/jquery_ujs.js?body=1" for 127.0.0.1 at 2014-04-08 19:32:32 -0700


Started GET "/assets/bootstrap_overrides.css?body=1" for 127.0.0.1 at 2014-04-08 19:32:32 -0700


Started GET "/assets/jquery.js?body=1" for 127.0.0.1 at 2014-04-08 19:32:32 -0700


Started POST "/cars" for 127.0.0.1 at 2014-04-08 19:32:40 -0700
Processing by CarsController#create as HTML
  Parameters: {"utf8"=>"✓", "authenticity_token"=>"8Dbwq1whWRn2vhrF0wlnw8wkE/EWA4KrAUqC763h4TM=", "car"=>{"year"=>"2005", "make"=>"Honda", "car_model"=>"Accord"}, "commit"=>"Create New Car"}
  [1m[36mUser Load (0.1ms)[0m  [1mSELECT "users".* FROM "users" WHERE "users"."id" = ? LIMIT 1[0m  [["id", 1]]
  [1m[35m (0.1ms)[0m  begin transaction
  [1m[36mSQL (0.4ms)[0m  [1mINSERT INTO "cars" ("car_model", "created_at", "make", "updated_at", "year") VALUES (?, ?, ?, ?, ?)[0m  [["car_model", "Accord"], ["created_at", Wed, 09 Apr 2014 02:32:40 UTC +00:00], ["make", "Honda"], ["updated_at", Wed, 09 Apr 2014 02:32:40 UTC +00:00], ["year", 2005]]
  [1m[35m (1.0ms)[0m  commit transaction
Redirected to http://localhost:3000/cars
Completed 302 Found in 9ms (ActiveRecord: 1.6ms)


Started GET "/cars" for 127.0.0.1 at 2014-04-08 19:32:40 -0700
Processing by CarsController#index as HTML
  [1m[36mUser Load (0.2ms)[0m  [1mSELECT "users".* FROM "users" WHERE "users"."id" = ? LIMIT 1[0m  [["id", 1]]
  [1m[35mCar Load (0.1ms)[0m  SELECT "cars".* FROM "cars"
  Rendered cars/index.html.erb within layouts/application (1.0ms)
Completed 200 OK in 6ms (Views: 4.1ms | ActiveRecord: 0.3ms)


Started GET "/assets/bootstrap_overrides.css?body=1" for 127.0.0.1 at 2014-04-08 19:32:40 -0700


Started GET "/assets/application.css?body=1" for 127.0.0.1 at 2014-04-08 19:32:40 -0700


Started GET "/assets/jquery_ujs.js?body=1" for 127.0.0.1 at 2014-04-08 19:32:40 -0700


Started GET "/assets/jquery.js?body=1" for 127.0.0.1 at 2014-04-08 19:32:40 -0700


Started GET "/cars/new" for 127.0.0.1 at 2014-04-08 19:32:43 -0700
Processing by CarsController#new as HTML
  [1m[36mUser Load (0.2ms)[0m  [1mSELECT "users".* FROM "users" WHERE "users"."id" = ? LIMIT 1[0m  [["id", 1]]
  Rendered cars/new.html.erb within layouts/application (0.8ms)
Completed 200 OK in 6ms (Views: 4.2ms | ActiveRecord: 0.2ms)


Started GET "/assets/application.css?body=1" for 127.0.0.1 at 2014-04-08 19:32:43 -0700


Started GET "/assets/bootstrap_overrides.css?body=1" for 127.0.0.1 at 2014-04-08 19:32:43 -0700


Started GET "/assets/jquery_ujs.js?body=1" for 127.0.0.1 at 2014-04-08 19:32:43 -0700


Started GET "/assets/jquery.js?body=1" for 127.0.0.1 at 2014-04-08 19:32:43 -0700


Started POST "/cars" for 127.0.0.1 at 2014-04-08 19:32:56 -0700
Processing by CarsController#create as HTML
  Parameters: {"utf8"=>"✓", "authenticity_token"=>"8Dbwq1whWRn2vhrF0wlnw8wkE/EWA4KrAUqC763h4TM=", "car"=>{"year"=>"2009", "make"=>"Jeep", "car_model"=>"Wrangler"}, "commit"=>"Create New Car"}
  [1m[35mUser Load (0.2ms)[0m  SELECT "users".* FROM "users" WHERE "users"."id" = ? LIMIT 1  [["id", 1]]
  [1m[36m (0.1ms)[0m  [1mbegin transaction[0m
  [1m[35mSQL (0.6ms)[0m  INSERT INTO "cars" ("car_model", "created_at", "make", "updated_at", "year") VALUES (?, ?, ?, ?, ?)  [["car_model", "Wrangler"], ["created_at", Wed, 09 Apr 2014 02:32:56 UTC +00:00], ["make", "Jeep"], ["updated_at", Wed, 09 Apr 2014 02:32:56 UTC +00:00], ["year", 2009]]
  [1m[36m (0.9ms)[0m  [1mcommit transaction[0m
Redirected to http://localhost:3000/cars
Completed 302 Found in 6ms (ActiveRecord: 1.8ms)


Started GET "/cars" for 127.0.0.1 at 2014-04-08 19:32:56 -0700
Processing by CarsController#index as HTML
  [1m[35mUser Load (0.1ms)[0m  SELECT "users".* FROM "users" WHERE "users"."id" = ? LIMIT 1  [["id", 1]]
  [1m[36mCar Load (0.1ms)[0m  [1mSELECT "cars".* FROM "cars"[0m
  Rendered cars/index.html.erb within layouts/application (0.7ms)
Completed 200 OK in 5ms (Views: 3.9ms | ActiveRecord: 0.3ms)


Started GET "/assets/jquery.js?body=1" for 127.0.0.1 at 2014-04-08 19:32:56 -0700


Started GET "/assets/bootstrap_overrides.css?body=1" for 127.0.0.1 at 2014-04-08 19:32:56 -0700


Started GET "/assets/jquery_ujs.js?body=1" for 127.0.0.1 at 2014-04-08 19:32:56 -0700


Started GET "/assets/application.css?body=1" for 127.0.0.1 at 2014-04-08 19:32:56 -0700


Started GET "/" for 127.0.0.1 at 2014-04-08 19:33:11 -0700
Processing by SessionsController#new as HTML
  Rendered sessions/new.html.erb within layouts/application (0.7ms)
Completed 200 OK in 6ms (Views: 5.5ms | ActiveRecord: 0.0ms)


Started GET "/assets/application.css?body=1" for 127.0.0.1 at 2014-04-08 19:33:12 -0700


Started GET "/assets/jquery.js?body=1" for 127.0.0.1 at 2014-04-08 19:33:12 -0700


Started GET "/assets/jquery_ujs.js?body=1" for 127.0.0.1 at 2014-04-08 19:33:12 -0700


Started GET "/assets/bootstrap_overrides.css?body=1" for 127.0.0.1 at 2014-04-08 19:33:12 -0700


Started GET "/assets/application.js?body=1" for 127.0.0.1 at 2014-04-08 19:33:12 -0700


Started GET "/signup" for 127.0.0.1 at 2014-04-08 19:33:14 -0700
Processing by UsersController#new as HTML
  Rendered users/new.html.erb within layouts/application (1.3ms)
Completed 200 OK in 6ms (Views: 5.1ms | ActiveRecord: 0.0ms)


Started GET "/assets/jquery.js?body=1" for 127.0.0.1 at 2014-04-08 19:33:14 -0700


Started POST "/signup" for 127.0.0.1 at 2014-04-08 19:33:23 -0700
Processing by UsersController#create as HTML
  Parameters: {"utf8"=>"✓", "authenticity_token"=>"8vjmvPbYNkbBpK+5Nq4AqsSQvy468g3QdrJ8at7r5Q4=", "user"=>{"name"=>"Jeff", "email"=>"jeff@dickey.xxx", "password"=>"[FILTERED]", "password_confirmation"=>"[FILTERED]"}, "commit"=>"Join Garage.io"}
  [1m[35m (0.1ms)[0m  begin transaction
  [1m[36mUser Exists (0.1ms)[0m  [1mSELECT 1 AS one FROM "users" WHERE "users"."email" = 'jeff@dickey.xxx' LIMIT 1[0m
Binary data inserted for `string` type on column `password_digest`
  [1m[35mSQL (0.4ms)[0m  INSERT INTO "users" ("created_at", "email", "name", "password_digest", "updated_at") VALUES (?, ?, ?, ?, ?)  [["created_at", Wed, 09 Apr 2014 02:33:23 UTC +00:00], ["email", "jeff@dickey.xxx"], ["name", "Jeff"], ["password_digest", "$2a$10$w6kEYcKJB7V2QmSh3.MT1OHeqgi2tZKL551prgFm9rQoYn7lUNU86"], ["updated_at", Wed, 09 Apr 2014 02:33:23 UTC +00:00]]
  [1m[36m (1.2ms)[0m  [1mcommit transaction[0m
Redirected to http://localhost:3000/cars
Completed 302 Found in 97ms (ActiveRecord: 1.9ms)


Started GET "/cars" for 127.0.0.1 at 2014-04-08 19:33:23 -0700
Processing by CarsController#index as HTML
  [1m[35mUser Load (0.2ms)[0m  SELECT "users".* FROM "users" WHERE "users"."id" = ? LIMIT 1  [["id", 2]]
  [1m[36mCar Load (0.2ms)[0m  [1mSELECT "cars".* FROM "cars"[0m
  Rendered cars/index.html.erb within layouts/application (1.0ms)
Completed 200 OK in 8ms (Views: 5.8ms | ActiveRecord: 0.3ms)


Started GET "/assets/jquery.js?body=1" for 127.0.0.1 at 2014-04-08 19:33:23 -0700


Started GET "/cars/new" for 127.0.0.1 at 2014-04-08 19:36:16 -0700
Processing by CarsController#new as HTML
  [1m[35mUser Load (0.1ms)[0m  SELECT "users".* FROM "users" WHERE "users"."id" = ? LIMIT 1  [["id", 1]]
  Rendered cars/new.html.erb within layouts/application (1.3ms)
Completed 200 OK in 7ms (Views: 6.2ms | ActiveRecord: 0.1ms)


Started GET "/assets/application.css?body=1" for 127.0.0.1 at 2014-04-08 19:36:16 -0700


Started GET "/assets/jquery.js?body=1" for 127.0.0.1 at 2014-04-08 19:36:16 -0700


Started GET "/assets/bootstrap_overrides.css?body=1" for 127.0.0.1 at 2014-04-08 19:36:16 -0700


Started GET "/assets/jquery_ujs.js?body=1" for 127.0.0.1 at 2014-04-08 19:36:16 -0700


Started GET "/cars" for 127.0.0.1 at 2014-04-08 19:36:59 -0700
Processing by CarsController#index as HTML
  [1m[36mUser Load (0.1ms)[0m  [1mSELECT "users".* FROM "users" WHERE "users"."id" = ? LIMIT 1[0m  [["id", 1]]
  [1m[35mCar Load (0.1ms)[0m  SELECT "cars".* FROM "cars"
  Rendered cars/index.html.erb within layouts/application (0.7ms)
Completed 200 OK in 6ms (Views: 4.5ms | ActiveRecord: 0.2ms)


Started GET "/assets/application.css?body=1" for 127.0.0.1 at 2014-04-08 19:37:00 -0700


Started GET "/assets/bootstrap_overrides.css?body=1" for 127.0.0.1 at 2014-04-08 19:37:00 -0700


Started GET "/assets/jquery_ujs.js?body=1" for 127.0.0.1 at 2014-04-08 19:37:00 -0700


Started GET "/assets/jquery.js?body=1" for 127.0.0.1 at 2014-04-08 19:37:00 -0700
  [1m[36mOwnership Load (2.3ms)[0m  [1mSELECT "ownerships".* FROM "ownerships"[0m
  [1m[35mCar Load (0.3ms)[0m  SELECT "cars".* FROM "cars"
  [1m[36m (0.3ms)[0m  [1mSELECT COUNT(*) FROM "cars"[0m
  [1m[35m (0.3ms)[0m  SELECT COUNT(*) FROM "cars"
  [1m[36m (0.2ms)[0m  [1mSELECT COUNT(*) FROM "ownerships"[0m
  [1m[35m (0.1ms)[0m  SELECT COUNT(*) FROM "users"
  [1m[36m (0.2ms)[0m  [1mbegin transaction[0m
  [1m[35mSQL (5.8ms)[0m  INSERT INTO "cars" ("car_model", "created_at", "make", "updated_at") VALUES (?, ?, ?, ?)  [["car_model", "Prius"], ["created_at", Wed, 09 Apr 2014 02:42:12 UTC +00:00], ["make", "Toyota"], ["updated_at", Wed, 09 Apr 2014 02:42:12 UTC +00:00]]
  [1m[36m (1.0ms)[0m  [1mcommit transaction[0m
  [1m[36mCar Load (2.1ms)[0m  [1mSELECT "cars".* FROM "cars" WHERE "cars"."id" = ? LIMIT 1[0m  [["id", 3]]


Started GET "/cars/new" for 127.0.0.1 at 2014-04-08 19:53:45 -0700
Processing by CarsController#new as HTML
  [1m[36mUser Load (0.1ms)[0m  [1mSELECT "users".* FROM "users" WHERE "users"."id" = ? LIMIT 1[0m  [["id", 1]]
  Rendered cars/new.html.erb within layouts/application (0.7ms)
Completed 200 OK in 16ms (Views: 5.1ms | ActiveRecord: 0.6ms)


Started GET "/assets/application.css?body=1" for 127.0.0.1 at 2014-04-08 19:53:45 -0700


Started GET "/assets/jquery.js?body=1" for 127.0.0.1 at 2014-04-08 19:53:45 -0700


Started GET "/assets/bootstrap_overrides.css?body=1" for 127.0.0.1 at 2014-04-08 19:53:45 -0700


Started GET "/assets/jquery_ujs.js?body=1" for 127.0.0.1 at 2014-04-08 19:53:45 -0700


Started POST "/cars" for 127.0.0.1 at 2014-04-08 19:54:04 -0700
Processing by CarsController#create as HTML
  Parameters: {"utf8"=>"✓", "authenticity_token"=>"8Dbwq1whWRn2vhrF0wlnw8wkE/EWA4KrAUqC763h4TM=", "car"=>{"year"=>"1999", "make"=>"Toyota", "car_model"=>"Tacoma"}, "commit"=>"Create New Car"}
  [1m[35mUser Load (0.7ms)[0m  SELECT "users".* FROM "users" WHERE "users"."id" = ? LIMIT 1  [["id", 1]]
  [1m[36m (0.1ms)[0m  [1mbegin transaction[0m
  [1m[35mSQL (0.5ms)[0m  INSERT INTO "cars" ("car_model", "created_at", "make", "updated_at", "year") VALUES (?, ?, ?, ?, ?)  [["car_model", "Tacoma"], ["created_at", Wed, 09 Apr 2014 02:54:04 UTC +00:00], ["make", "Toyota"], ["updated_at", Wed, 09 Apr 2014 02:54:04 UTC +00:00], ["year", 1999]]
  [1m[36m (1.3ms)[0m  [1mcommit transaction[0m
  [1m[35m (0.1ms)[0m  begin transaction
  [1m[36mSQL (0.5ms)[0m  [1mINSERT INTO "ownerships" ("car_id", "created_at", "updated_at", "user_id") VALUES (?, ?, ?, ?)[0m  [["car_id", 4], ["created_at", Wed, 09 Apr 2014 02:54:04 UTC +00:00], ["updated_at", Wed, 09 Apr 2014 02:54:04 UTC +00:00], ["user_id", 1]]
  [1m[35m (1.0ms)[0m  commit transaction
Redirected to http://localhost:3000/cars
Completed 302 Found in 31ms (ActiveRecord: 4.8ms)


Started GET "/cars" for 127.0.0.1 at 2014-04-08 19:54:04 -0700
Processing by CarsController#index as HTML
  [1m[36mUser Load (0.1ms)[0m  [1mSELECT "users".* FROM "users" WHERE "users"."id" = ? LIMIT 1[0m  [["id", 1]]
  [1m[35mCar Load (0.2ms)[0m  SELECT "cars".* FROM "cars"
  Rendered cars/index.html.erb within layouts/application (1.4ms)
Completed 200 OK in 7ms (Views: 5.1ms | ActiveRecord: 0.3ms)


Started GET "/assets/application.css?body=1" for 127.0.0.1 at 2014-04-08 19:54:04 -0700


Started GET "/assets/jquery_ujs.js?body=1" for 127.0.0.1 at 2014-04-08 19:54:04 -0700


Started GET "/assets/bootstrap_overrides.css?body=1" for 127.0.0.1 at 2014-04-08 19:54:04 -0700


Started GET "/assets/jquery.js?body=1" for 127.0.0.1 at 2014-04-08 19:54:04 -0700
  [1m[35m (0.1ms)[0m  SELECT COUNT(*) FROM "ownerships"
  [1m[36mOwnership Load (0.4ms)[0m  [1mSELECT "ownerships".* FROM "ownerships" ORDER BY "ownerships"."id" ASC LIMIT 1[0m
  [1m[35mUser Load (0.2ms)[0m  SELECT "users".* FROM "users" ORDER BY "users"."id" DESC LIMIT 1
  [1m[36mUser Load (0.5ms)[0m  [1mSELECT "users".* FROM "users" ORDER BY "users"."id" DESC LIMIT 1[0m
  [1m[35mUser Load (0.3ms)[0m  SELECT "users".* FROM "users" ORDER BY "users"."id" ASC LIMIT 1
  [1m[36mOwnership Load (0.3ms)[0m  [1mSELECT "ownerships".* FROM "ownerships" ORDER BY "ownerships"."id" ASC LIMIT 1[0m
  [1m[35mOwnership Load (0.3ms)[0m  SELECT "ownerships".* FROM "ownerships" ORDER BY "ownerships"."id" ASC LIMIT 1
  [1m[36mOwnership Load (0.3ms)[0m  [1mSELECT "ownerships".* FROM "ownerships" ORDER BY "ownerships"."id" ASC LIMIT 1[0m
  [1m[35mUser Load (0.2ms)[0m  SELECT "users".* FROM "users" ORDER BY "users"."id" ASC LIMIT 1
  [1m[36mActiveRecord::SchemaMigration Load (0.2ms)[0m  [1mSELECT "schema_migrations".* FROM "schema_migrations"[0m
Migrating to ChangeStringsToIntegersOnOwnerships (20140409025624)
  [1m[35m (0.1ms)[0m  begin transaction
  [1m[36m (1.1ms)[0m  [1mCREATE TEMPORARY TABLE "aownerships" ("id" INTEGER PRIMARY KEY AUTOINCREMENT NOT NULL, "user_id" varchar(255), "car_id" varchar(255), "created_at" datetime, "updated_at" datetime) [0m
  [1m[35m (0.1ms)[0m  SELECT * FROM "ownerships"
  [1m[36m (0.1ms)[0m  [1mINSERT INTO "aownerships" ("id","user_id","car_id","created_at","updated_at") VALUES (1, '1', '4', '2014-04-09 02:54:04.847243', '2014-04-09 02:54:04.847243')[0m
  [1m[35m (1.6ms)[0m  DROP TABLE "ownerships"
  [1m[36m (0.5ms)[0m  [1mrollback transaction[0m
  [1m[36mActiveRecord::SchemaMigration Load (0.1ms)[0m  [1mSELECT "schema_migrations".* FROM "schema_migrations"[0m
Migrating to ChangeStringsToIntegersOnOwnerships (20140409025624)
  [1m[35m (0.1ms)[0m  begin transaction
  [1m[36m (1.5ms)[0m  [1mCREATE TEMPORARY TABLE "aownerships" ("id" INTEGER PRIMARY KEY AUTOINCREMENT NOT NULL, "user_id" varchar(255), "car_id" varchar(255), "created_at" datetime, "updated_at" datetime) [0m
  [1m[35m (0.1ms)[0m  SELECT * FROM "ownerships"
  [1m[36m (0.1ms)[0m  [1mINSERT INTO "aownerships" ("id","user_id","car_id","created_at","updated_at") VALUES (1, '1', '4', '2014-04-09 02:54:04.847243', '2014-04-09 02:54:04.847243')[0m
  [1m[35m (0.3ms)[0m  DROP TABLE "ownerships"
  [1m[36m (0.1ms)[0m  [1mCREATE TABLE "ownerships" ("id" INTEGER PRIMARY KEY AUTOINCREMENT NOT NULL, "user_id" integer(255), "car_id" varchar(255), "created_at" datetime, "updated_at" datetime) [0m
  [1m[35m (0.1ms)[0m  SELECT * FROM "aownerships"
  [1m[36m (0.1ms)[0m  [1mINSERT INTO "ownerships" ("id","user_id","car_id","created_at","updated_at") VALUES (1, '1', '4', '2014-04-09 02:54:04.847243', '2014-04-09 02:54:04.847243')[0m
  [1m[35m (0.3ms)[0m  DROP TABLE "aownerships"
  [1m[36m (0.1ms)[0m  [1mCREATE TEMPORARY TABLE "aownerships" ("id" INTEGER PRIMARY KEY AUTOINCREMENT NOT NULL, "user_id" integer(255), "car_id" varchar(255), "created_at" datetime, "updated_at" datetime) [0m
  [1m[35m (0.1ms)[0m  SELECT * FROM "ownerships"
  [1m[36m (0.1ms)[0m  [1mINSERT INTO "aownerships" ("id","user_id","car_id","created_at","updated_at") VALUES (1, 1, '4', '2014-04-09 02:54:04.847243', '2014-04-09 02:54:04.847243')[0m
  [1m[35m (0.3ms)[0m  DROP TABLE "ownerships"
  [1m[36m (0.1ms)[0m  [1mCREATE TABLE "ownerships" ("id" INTEGER PRIMARY KEY AUTOINCREMENT NOT NULL, "user_id" integer(255), "car_id" integer(255), "created_at" datetime, "updated_at" datetime) [0m
  [1m[35m (0.1ms)[0m  SELECT * FROM "aownerships"
  [1m[36m (0.1ms)[0m  [1mINSERT INTO "ownerships" ("id","user_id","car_id","created_at","updated_at") VALUES (1, 1, '4', '2014-04-09 02:54:04.847243', '2014-04-09 02:54:04.847243')[0m
  [1m[35m (0.1ms)[0m  DROP TABLE "aownerships"
  [1m[36mSQL (0.3ms)[0m  [1mINSERT INTO "schema_migrations" ("version") VALUES (?)[0m  [["version", "20140409025624"]]
  [1m[35m (1.5ms)[0m  commit transaction
  [1m[36mActiveRecord::SchemaMigration Load (0.2ms)[0m  [1mSELECT "schema_migrations".* FROM "schema_migrations"[0m
  [1m[36mOwnership Load (0.2ms)[0m  [1mSELECT "ownerships".* FROM "ownerships" ORDER BY "ownerships"."id" ASC LIMIT 1[0m
  [1m[35mOwnership Load (0.4ms)[0m  SELECT "ownerships".* FROM "ownerships"


Started GET "/cars" for 127.0.0.1 at 2014-04-08 19:58:22 -0700
  [1m[36mActiveRecord::SchemaMigration Load (0.1ms)[0m  [1mSELECT "schema_migrations".* FROM "schema_migrations"[0m
Processing by CarsController#index as HTML
  [1m[35mUser Load (0.1ms)[0m  SELECT "users".* FROM "users" WHERE "users"."id" = ? LIMIT 1  [["id", 1]]
  [1m[36mCar Load (0.2ms)[0m  [1mSELECT "cars".* FROM "cars"[0m
  Rendered cars/index.html.erb within layouts/application (6.0ms)
Completed 200 OK in 22ms (Views: 9.6ms | ActiveRecord: 0.9ms)


Started GET "/assets/application.css?body=1" for 127.0.0.1 at 2014-04-08 19:58:22 -0700


Started GET "/assets/bootstrap_overrides.css?body=1" for 127.0.0.1 at 2014-04-08 19:58:22 -0700


Started GET "/assets/application.js?body=1" for 127.0.0.1 at 2014-04-08 19:58:22 -0700


Started GET "/assets/jquery.js?body=1" for 127.0.0.1 at 2014-04-08 19:58:22 -0700


Started GET "/assets/jquery_ujs.js?body=1" for 127.0.0.1 at 2014-04-08 19:58:22 -0700


Started GET "/cars" for 127.0.0.1 at 2014-04-08 20:01:19 -0700
Processing by CarsController#index as HTML
  [1m[35mUser Load (0.1ms)[0m  SELECT "users".* FROM "users" WHERE "users"."id" = ? LIMIT 1  [["id", 2]]
  [1m[36mCar Load (0.2ms)[0m  [1mSELECT "cars".* FROM "cars"[0m
  Rendered cars/index.html.erb within layouts/application (5.5ms)
Completed 200 OK in 20ms (Views: 8.7ms | ActiveRecord: 1.0ms)


Started GET "/assets/application.css?body=1" for 127.0.0.1 at 2014-04-08 20:01:19 -0700


Started GET "/assets/bootstrap_overrides.css?body=1" for 127.0.0.1 at 2014-04-08 20:01:19 -0700


Started GET "/assets/jquery.js?body=1" for 127.0.0.1 at 2014-04-08 20:01:19 -0700


Started GET "/assets/jquery_ujs.js?body=1" for 127.0.0.1 at 2014-04-08 20:01:19 -0700


Started GET "/assets/application.js?body=1" for 127.0.0.1 at 2014-04-08 20:01:19 -0700
  [1m[36mUser Load (2.7ms)[0m  [1mSELECT "users".* FROM "users" WHERE "users"."id" = ? LIMIT 1[0m  [["id", 1]]
  [1m[35mOwnership Load (0.2ms)[0m  SELECT "ownerships".* FROM "ownerships" WHERE "ownerships"."user_id" = ?  [["user_id", 1]]


Started GET "/cars" for 127.0.0.1 at 2014-04-08 20:10:17 -0700
Processing by CarsController#index as HTML
  [1m[35mUser Load (0.1ms)[0m  SELECT "users".* FROM "users" WHERE "users"."id" = ? LIMIT 1  [["id", 1]]
  [1m[36mOwnership Load (0.2ms)[0m  [1mSELECT "ownerships".* FROM "ownerships" WHERE "ownerships"."user_id" = ?[0m  [["user_id", 1]]
  [1m[35mCar Load (0.1ms)[0m  SELECT "cars".* FROM "cars" WHERE "cars"."id" = ? LIMIT 1  [["id", 4]]
  Rendered cars/index.html.erb within layouts/application (0.1ms)
Completed 200 OK in 43ms (Views: 3.8ms | ActiveRecord: 1.6ms)


Started GET "/assets/application.css?body=1" for 127.0.0.1 at 2014-04-08 20:10:18 -0700


Started GET "/assets/jquery.js?body=1" for 127.0.0.1 at 2014-04-08 20:10:18 -0700


Started GET "/assets/bootstrap_overrides.css?body=1" for 127.0.0.1 at 2014-04-08 20:10:18 -0700


Started GET "/assets/jquery_ujs.js?body=1" for 127.0.0.1 at 2014-04-08 20:10:18 -0700


Started GET "/assets/application.js?body=1" for 127.0.0.1 at 2014-04-08 20:10:18 -0700


Started GET "/cars/new" for 127.0.0.1 at 2014-04-08 20:10:42 -0700
Processing by CarsController#new as HTML
  [1m[36mUser Load (0.2ms)[0m  [1mSELECT "users".* FROM "users" WHERE "users"."id" = ? LIMIT 1[0m  [["id", 1]]
  Rendered cars/new.html.erb within layouts/application (0.9ms)
Completed 200 OK in 6ms (Views: 4.4ms | ActiveRecord: 0.2ms)


Started GET "/assets/bootstrap_overrides.css?body=1" for 127.0.0.1 at 2014-04-08 20:10:43 -0700


Started GET "/assets/application.css?body=1" for 127.0.0.1 at 2014-04-08 20:10:43 -0700


Started GET "/assets/application.js?body=1" for 127.0.0.1 at 2014-04-08 20:10:43 -0700


Started GET "/assets/jquery.js?body=1" for 127.0.0.1 at 2014-04-08 20:10:43 -0700


Started GET "/assets/jquery_ujs.js?body=1" for 127.0.0.1 at 2014-04-08 20:10:43 -0700


Started POST "/cars" for 127.0.0.1 at 2014-04-08 20:10:59 -0700
Processing by CarsController#create as HTML
  Parameters: {"utf8"=>"✓", "authenticity_token"=>"8Dbwq1whWRn2vhrF0wlnw8wkE/EWA4KrAUqC763h4TM=", "car"=>{"year"=>"2008", "make"=>"Toyota", "car_model"=>"Prius"}, "commit"=>"Create New Car"}
  [1m[35mUser Load (0.2ms)[0m  SELECT "users".* FROM "users" WHERE "users"."id" = ? LIMIT 1  [["id", 1]]
  [1m[36m (0.1ms)[0m  [1mbegin transaction[0m
  [1m[35mSQL (0.6ms)[0m  INSERT INTO "cars" ("car_model", "created_at", "make", "updated_at", "year") VALUES (?, ?, ?, ?, ?)  [["car_model", "Prius"], ["created_at", Wed, 09 Apr 2014 03:10:59 UTC +00:00], ["make", "Toyota"], ["updated_at", Wed, 09 Apr 2014 03:10:59 UTC +00:00], ["year", 2008]]
  [1m[36m (0.8ms)[0m  [1mcommit transaction[0m
  [1m[35m (0.1ms)[0m  begin transaction
  [1m[36mSQL (0.4ms)[0m  [1mINSERT INTO "ownerships" ("car_id", "created_at", "updated_at", "user_id") VALUES (?, ?, ?, ?)[0m  [["car_id", 5], ["created_at", Wed, 09 Apr 2014 03:10:59 UTC +00:00], ["updated_at", Wed, 09 Apr 2014 03:10:59 UTC +00:00], ["user_id", 1]]
  [1m[35m (0.7ms)[0m  commit transaction
Redirected to http://localhost:3000/cars
Completed 302 Found in 11ms (ActiveRecord: 2.9ms)


Started GET "/cars" for 127.0.0.1 at 2014-04-08 20:10:59 -0700
Processing by CarsController#index as HTML
  [1m[36mUser Load (0.1ms)[0m  [1mSELECT "users".* FROM "users" WHERE "users"."id" = ? LIMIT 1[0m  [["id", 1]]
  [1m[35mOwnership Load (0.1ms)[0m  SELECT "ownerships".* FROM "ownerships" WHERE "ownerships"."user_id" = ?  [["user_id", 1]]
  [1m[36mCar Load (0.1ms)[0m  [1mSELECT "cars".* FROM "cars" WHERE "cars"."id" = ? LIMIT 1[0m  [["id", 4]]
  [1m[35mCar Load (0.1ms)[0m  SELECT "cars".* FROM "cars" WHERE "cars"."id" = ? LIMIT 1  [["id", 5]]
  Rendered cars/index.html.erb within layouts/application (0.3ms)
Completed 200 OK in 8ms (Views: 4.2ms | ActiveRecord: 0.5ms)


Started GET "/assets/bootstrap_overrides.css?body=1" for 127.0.0.1 at 2014-04-08 20:11:00 -0700


Started GET "/assets/jquery.js?body=1" for 127.0.0.1 at 2014-04-08 20:11:00 -0700


Started GET "/assets/jquery_ujs.js?body=1" for 127.0.0.1 at 2014-04-08 20:11:00 -0700


Started GET "/assets/application.css?body=1" for 127.0.0.1 at 2014-04-08 20:11:00 -0700


Started GET "/assets/application.js?body=1" for 127.0.0.1 at 2014-04-08 20:11:00 -0700


Started GET "/cars" for 127.0.0.1 at 2014-04-08 20:11:17 -0700
Processing by CarsController#index as HTML
  [1m[36mUser Load (0.2ms)[0m  [1mSELECT "users".* FROM "users" WHERE "users"."id" = ? LIMIT 1[0m  [["id", 2]]
  [1m[35mOwnership Load (0.1ms)[0m  SELECT "ownerships".* FROM "ownerships" WHERE "ownerships"."user_id" = ?  [["user_id", 2]]
  Rendered cars/index.html.erb within layouts/application (0.0ms)
Completed 200 OK in 6ms (Views: 3.1ms | ActiveRecord: 0.2ms)


Started GET "/assets/application.css?body=1" for 127.0.0.1 at 2014-04-08 20:11:17 -0700


Started GET "/assets/bootstrap_overrides.css?body=1" for 127.0.0.1 at 2014-04-08 20:11:17 -0700


Started GET "/assets/jquery.js?body=1" for 127.0.0.1 at 2014-04-08 20:11:17 -0700


Started GET "/assets/jquery_ujs.js?body=1" for 127.0.0.1 at 2014-04-08 20:11:17 -0700


Started GET "/assets/application.js?body=1" for 127.0.0.1 at 2014-04-08 20:11:17 -0700


Started GET "/cars/new" for 127.0.0.1 at 2014-04-08 20:11:33 -0700
Processing by CarsController#new as HTML
  [1m[36mUser Load (0.1ms)[0m  [1mSELECT "users".* FROM "users" WHERE "users"."id" = ? LIMIT 1[0m  [["id", 2]]
  Rendered cars/new.html.erb within layouts/application (0.7ms)
Completed 200 OK in 5ms (Views: 3.7ms | ActiveRecord: 0.1ms)


Started GET "/assets/application.css?body=1" for 127.0.0.1 at 2014-04-08 20:11:33 -0700


Started GET "/assets/bootstrap_overrides.css?body=1" for 127.0.0.1 at 2014-04-08 20:11:33 -0700


Started GET "/assets/jquery.js?body=1" for 127.0.0.1 at 2014-04-08 20:11:33 -0700


Started GET "/assets/jquery_ujs.js?body=1" for 127.0.0.1 at 2014-04-08 20:11:33 -0700


Started GET "/assets/application.js?body=1" for 127.0.0.1 at 2014-04-08 20:11:33 -0700


Started POST "/cars" for 127.0.0.1 at 2014-04-08 20:11:40 -0700
Processing by CarsController#create as HTML
  Parameters: {"utf8"=>"✓", "authenticity_token"=>"8vjmvPbYNkbBpK+5Nq4AqsSQvy468g3QdrJ8at7r5Q4=", "car"=>{"year"=>"2005", "make"=>"Honda", "car_model"=>"CR-V"}, "commit"=>"Create New Car"}
  [1m[35mUser Load (0.2ms)[0m  SELECT "users".* FROM "users" WHERE "users"."id" = ? LIMIT 1  [["id", 2]]
  [1m[36m (0.1ms)[0m  [1mbegin transaction[0m
  [1m[35mSQL (0.4ms)[0m  INSERT INTO "cars" ("car_model", "created_at", "make", "updated_at", "year") VALUES (?, ?, ?, ?, ?)  [["car_model", "CR-V"], ["created_at", Wed, 09 Apr 2014 03:11:40 UTC +00:00], ["make", "Honda"], ["updated_at", Wed, 09 Apr 2014 03:11:40 UTC +00:00], ["year", 2005]]
  [1m[36m (0.8ms)[0m  [1mcommit transaction[0m
  [1m[35m (0.1ms)[0m  begin transaction
  [1m[36mSQL (0.5ms)[0m  [1mINSERT INTO "ownerships" ("car_id", "created_at", "updated_at", "user_id") VALUES (?, ?, ?, ?)[0m  [["car_id", 6], ["created_at", Wed, 09 Apr 2014 03:11:40 UTC +00:00], ["updated_at", Wed, 09 Apr 2014 03:11:40 UTC +00:00], ["user_id", 2]]
  [1m[35m (1.0ms)[0m  commit transaction
Redirected to http://localhost:3000/cars
Completed 302 Found in 9ms (ActiveRecord: 3.1ms)


Started GET "/cars" for 127.0.0.1 at 2014-04-08 20:11:40 -0700
Processing by CarsController#index as HTML
  [1m[36mUser Load (0.2ms)[0m  [1mSELECT "users".* FROM "users" WHERE "users"."id" = ? LIMIT 1[0m  [["id", 2]]
  [1m[35mOwnership Load (0.1ms)[0m  SELECT "ownerships".* FROM "ownerships" WHERE "ownerships"."user_id" = ?  [["user_id", 2]]
  [1m[36mCar Load (0.1ms)[0m  [1mSELECT "cars".* FROM "cars" WHERE "cars"."id" = ? LIMIT 1[0m  [["id", 6]]
  Rendered cars/index.html.erb within layouts/application (0.1ms)
Completed 200 OK in 8ms (Views: 4.9ms | ActiveRecord: 0.4ms)


Started GET "/assets/application.css?body=1" for 127.0.0.1 at 2014-04-08 20:11:40 -0700


Started GET "/assets/bootstrap_overrides.css?body=1" for 127.0.0.1 at 2014-04-08 20:11:40 -0700


Started GET "/assets/jquery_ujs.js?body=1" for 127.0.0.1 at 2014-04-08 20:11:40 -0700


Started GET "/assets/jquery.js?body=1" for 127.0.0.1 at 2014-04-08 20:11:40 -0700


Started GET "/assets/application.js?body=1" for 127.0.0.1 at 2014-04-08 20:11:40 -0700


Started GET "/cars" for 127.0.0.1 at 2014-04-08 20:11:42 -0700
Processing by CarsController#index as HTML
  [1m[35mUser Load (0.2ms)[0m  SELECT "users".* FROM "users" WHERE "users"."id" = ? LIMIT 1  [["id", 1]]
  [1m[36mOwnership Load (0.1ms)[0m  [1mSELECT "ownerships".* FROM "ownerships" WHERE "ownerships"."user_id" = ?[0m  [["user_id", 1]]
  [1m[35mCar Load (0.1ms)[0m  SELECT "cars".* FROM "cars" WHERE "cars"."id" = ? LIMIT 1  [["id", 4]]
  [1m[36mCar Load (0.1ms)[0m  [1mSELECT "cars".* FROM "cars" WHERE "cars"."id" = ? LIMIT 1[0m  [["id", 5]]
  Rendered cars/index.html.erb within layouts/application (0.2ms)
Completed 200 OK in 9ms (Views: 3.9ms | ActiveRecord: 0.4ms)


Started GET "/assets/bootstrap_overrides.css?body=1" for 127.0.0.1 at 2014-04-08 20:11:42 -0700


Started GET "/assets/application.css?body=1" for 127.0.0.1 at 2014-04-08 20:11:42 -0700


Started GET "/assets/jquery.js?body=1" for 127.0.0.1 at 2014-04-08 20:11:42 -0700


Started GET "/assets/jquery_ujs.js?body=1" for 127.0.0.1 at 2014-04-08 20:11:42 -0700


Started GET "/assets/application.js?body=1" for 127.0.0.1 at 2014-04-08 20:11:42 -0700


Started GET "/cars" for 127.0.0.1 at 2014-04-08 20:11:45 -0700
Processing by CarsController#index as HTML
  [1m[35mUser Load (0.2ms)[0m  SELECT "users".* FROM "users" WHERE "users"."id" = ? LIMIT 1  [["id", 2]]
  [1m[36mOwnership Load (0.1ms)[0m  [1mSELECT "ownerships".* FROM "ownerships" WHERE "ownerships"."user_id" = ?[0m  [["user_id", 2]]
  [1m[35mCar Load (0.1ms)[0m  SELECT "cars".* FROM "cars" WHERE "cars"."id" = ? LIMIT 1  [["id", 6]]
  Rendered cars/index.html.erb within layouts/application (0.1ms)
Completed 200 OK in 8ms (Views: 5.0ms | ActiveRecord: 0.3ms)


Started GET "/assets/application.css?body=1" for 127.0.0.1 at 2014-04-08 20:11:45 -0700


Started GET "/assets/jquery_ujs.js?body=1" for 127.0.0.1 at 2014-04-08 20:11:45 -0700


Started GET "/assets/bootstrap_overrides.css?body=1" for 127.0.0.1 at 2014-04-08 20:11:45 -0700


Started GET "/assets/application.js?body=1" for 127.0.0.1 at 2014-04-08 20:11:45 -0700


Started GET "/assets/jquery.js?body=1" for 127.0.0.1 at 2014-04-08 20:11:45 -0700


Started GET "/cars" for 127.0.0.1 at 2014-04-08 20:17:12 -0700
Processing by CarsController#index as HTML
  [1m[36mUser Load (0.1ms)[0m  [1mSELECT "users".* FROM "users" WHERE "users"."id" = ? LIMIT 1[0m  [["id", 1]]
  [1m[35mOwnership Load (0.2ms)[0m  SELECT "ownerships".* FROM "ownerships" WHERE "ownerships"."user_id" = ?  [["user_id", 1]]
  [1m[36mCar Load (0.1ms)[0m  [1mSELECT "cars".* FROM "cars" WHERE "cars"."id" = ? LIMIT 1[0m  [["id", 4]]
  [1m[35mCar Load (0.2ms)[0m  SELECT "cars".* FROM "cars" WHERE "cars"."id" = ? LIMIT 1  [["id", 5]]
  Rendered cars/index.html.erb within layouts/application (0.8ms)
Completed 200 OK in 32ms (Views: 4.4ms | ActiveRecord: 1.6ms)


Started GET "/assets/bootstrap_overrides.css?body=1" for 127.0.0.1 at 2014-04-08 20:17:12 -0700


Started GET "/assets/jquery.js?body=1" for 127.0.0.1 at 2014-04-08 20:17:12 -0700


Started GET "/assets/application.css?body=1" for 127.0.0.1 at 2014-04-08 20:17:12 -0700


Started GET "/assets/application.js?body=1" for 127.0.0.1 at 2014-04-08 20:17:12 -0700


Started GET "/assets/jquery_ujs.js?body=1" for 127.0.0.1 at 2014-04-08 20:17:12 -0700


Started GET "/cars" for 127.0.0.1 at 2014-04-08 20:18:52 -0700
Processing by CarsController#index as HTML
  [1m[36mUser Load (0.1ms)[0m  [1mSELECT "users".* FROM "users" WHERE "users"."id" = ? LIMIT 1[0m  [["id", 1]]
  [1m[35mOwnership Load (0.1ms)[0m  SELECT "ownerships".* FROM "ownerships" WHERE "ownerships"."user_id" = ?  [["user_id", 1]]
  [1m[36mCar Load (0.1ms)[0m  [1mSELECT "cars".* FROM "cars" WHERE "cars"."id" = ? LIMIT 1[0m  [["id", 4]]
  [1m[35mCar Load (0.1ms)[0m  SELECT "cars".* FROM "cars" WHERE "cars"."id" = ? LIMIT 1  [["id", 5]]
  Rendered cars/index.html.erb within layouts/application (0.9ms)
Completed 200 OK in 10ms (Views: 4.9ms | ActiveRecord: 0.5ms)


Started GET "/assets/jquery.js?body=1" for 127.0.0.1 at 2014-04-08 20:18:52 -0700


Started GET "/assets/bootstrap_overrides.css?body=1" for 127.0.0.1 at 2014-04-08 20:18:52 -0700


Started GET "/assets/application.js?body=1" for 127.0.0.1 at 2014-04-08 20:18:52 -0700


Started GET "/assets/jquery_ujs.js?body=1" for 127.0.0.1 at 2014-04-08 20:18:52 -0700


Started GET "/assets/application.css?body=1" for 127.0.0.1 at 2014-04-08 20:18:52 -0700


Started GET "/cars" for 127.0.0.1 at 2014-04-08 20:18:55 -0700
Processing by CarsController#index as HTML
  [1m[36mUser Load (0.1ms)[0m  [1mSELECT "users".* FROM "users" WHERE "users"."id" = ? LIMIT 1[0m  [["id", 1]]
  [1m[35mOwnership Load (0.1ms)[0m  SELECT "ownerships".* FROM "ownerships" WHERE "ownerships"."user_id" = ?  [["user_id", 1]]
  [1m[36mCar Load (0.1ms)[0m  [1mSELECT "cars".* FROM "cars" WHERE "cars"."id" = ? LIMIT 1[0m  [["id", 4]]
  [1m[35mCar Load (0.1ms)[0m  SELECT "cars".* FROM "cars" WHERE "cars"."id" = ? LIMIT 1  [["id", 5]]
  Rendered cars/index.html.erb within layouts/application (1.1ms)
Completed 200 OK in 8ms (Views: 4.6ms | ActiveRecord: 0.3ms)


Started GET "/assets/bootstrap_overrides.css?body=1" for 127.0.0.1 at 2014-04-08 20:18:55 -0700


Started GET "/assets/application.css?body=1" for 127.0.0.1 at 2014-04-08 20:18:55 -0700


Started GET "/assets/jquery_ujs.js?body=1" for 127.0.0.1 at 2014-04-08 20:18:55 -0700


Started GET "/assets/jquery.js?body=1" for 127.0.0.1 at 2014-04-08 20:18:55 -0700


Started GET "/assets/application.js?body=1" for 127.0.0.1 at 2014-04-08 20:18:55 -0700


Started DELETE "/cars/5" for 127.0.0.1 at 2014-04-08 20:19:12 -0700

ActionController::RoutingError (No route matches [DELETE] "/cars/5"):
  actionpack (4.0.4) lib/action_dispatch/middleware/debug_exceptions.rb:21:in `call'
  actionpack (4.0.4) lib/action_dispatch/middleware/show_exceptions.rb:30:in `call'
  railties (4.0.4) lib/rails/rack/logger.rb:38:in `call_app'
  railties (4.0.4) lib/rails/rack/logger.rb:20:in `block in call'
  activesupport (4.0.4) lib/active_support/tagged_logging.rb:68:in `block in tagged'
  activesupport (4.0.4) lib/active_support/tagged_logging.rb:26:in `tagged'
  activesupport (4.0.4) lib/active_support/tagged_logging.rb:68:in `tagged'
  railties (4.0.4) lib/rails/rack/logger.rb:20:in `call'
  actionpack (4.0.4) lib/action_dispatch/middleware/request_id.rb:21:in `call'
  rack (1.5.2) lib/rack/methodoverride.rb:21:in `call'
  rack (1.5.2) lib/rack/runtime.rb:17:in `call'
  activesupport (4.0.4) lib/active_support/cache/strategy/local_cache.rb:83:in `call'
  rack (1.5.2) lib/rack/lock.rb:17:in `call'
  actionpack (4.0.4) lib/action_dispatch/middleware/static.rb:64:in `call'
  rack (1.5.2) lib/rack/sendfile.rb:112:in `call'
  railties (4.0.4) lib/rails/engine.rb:511:in `call'
  railties (4.0.4) lib/rails/application.rb:97:in `call'
  rack (1.5.2) lib/rack/lock.rb:17:in `call'
  rack (1.5.2) lib/rack/content_length.rb:14:in `call'
  rack (1.5.2) lib/rack/handler/webrick.rb:60:in `service'
  /Users/Greg/.rvm/rubies/ruby-2.1.0/lib/ruby/2.1.0/webrick/httpserver.rb:138:in `service'
  /Users/Greg/.rvm/rubies/ruby-2.1.0/lib/ruby/2.1.0/webrick/httpserver.rb:94:in `run'
  /Users/Greg/.rvm/rubies/ruby-2.1.0/lib/ruby/2.1.0/webrick/server.rb:295:in `block in start_thread'


  Rendered /Users/Greg/.rvm/gems/ruby-2.1.0/gems/actionpack-4.0.4/lib/action_dispatch/middleware/templates/rescues/_trace.erb (1.2ms)
  Rendered /Users/Greg/.rvm/gems/ruby-2.1.0/gems/actionpack-4.0.4/lib/action_dispatch/middleware/templates/routes/_route.html.erb (1.7ms)
  Rendered /Users/Greg/.rvm/gems/ruby-2.1.0/gems/actionpack-4.0.4/lib/action_dispatch/middleware/templates/routes/_table.html.erb (3.8ms)
  Rendered /Users/Greg/.rvm/gems/ruby-2.1.0/gems/actionpack-4.0.4/lib/action_dispatch/middleware/templates/rescues/routing_error.erb within rescues/layout (31.3ms)


Started GET "/cars" for 127.0.0.1 at 2014-04-08 20:19:40 -0700
Processing by CarsController#index as HTML
  [1m[36mUser Load (0.2ms)[0m  [1mSELECT "users".* FROM "users" WHERE "users"."id" = ? LIMIT 1[0m  [["id", 1]]
  [1m[35mOwnership Load (0.1ms)[0m  SELECT "ownerships".* FROM "ownerships" WHERE "ownerships"."user_id" = ?  [["user_id", 1]]
  [1m[36mCar Load (0.1ms)[0m  [1mSELECT "cars".* FROM "cars" WHERE "cars"."id" = ? LIMIT 1[0m  [["id", 4]]
  [1m[35mCar Load (0.1ms)[0m  SELECT "cars".* FROM "cars" WHERE "cars"."id" = ? LIMIT 1  [["id", 5]]
  Rendered cars/index.html.erb within layouts/application (0.9ms)
Completed 200 OK in 9ms (Views: 4.4ms | ActiveRecord: 0.5ms)


Started GET "/assets/bootstrap_overrides.css?body=1" for 127.0.0.1 at 2014-04-08 20:19:40 -0700


Started GET "/assets/jquery_ujs.js?body=1" for 127.0.0.1 at 2014-04-08 20:19:40 -0700


Started GET "/assets/jquery.js?body=1" for 127.0.0.1 at 2014-04-08 20:19:40 -0700


Started GET "/assets/application.css?body=1" for 127.0.0.1 at 2014-04-08 20:19:40 -0700


Started GET "/assets/application.js?body=1" for 127.0.0.1 at 2014-04-08 20:19:40 -0700


Started POST "/cars/4" for 127.0.0.1 at 2014-04-08 20:19:41 -0700

ActionController::RoutingError (No route matches [POST] "/cars/4"):
  actionpack (4.0.4) lib/action_dispatch/middleware/debug_exceptions.rb:21:in `call'
  actionpack (4.0.4) lib/action_dispatch/middleware/show_exceptions.rb:30:in `call'
  railties (4.0.4) lib/rails/rack/logger.rb:38:in `call_app'
  railties (4.0.4) lib/rails/rack/logger.rb:20:in `block in call'
  activesupport (4.0.4) lib/active_support/tagged_logging.rb:68:in `block in tagged'
  activesupport (4.0.4) lib/active_support/tagged_logging.rb:26:in `tagged'
  activesupport (4.0.4) lib/active_support/tagged_logging.rb:68:in `tagged'
  railties (4.0.4) lib/rails/rack/logger.rb:20:in `call'
  actionpack (4.0.4) lib/action_dispatch/middleware/request_id.rb:21:in `call'
  rack (1.5.2) lib/rack/methodoverride.rb:21:in `call'
  rack (1.5.2) lib/rack/runtime.rb:17:in `call'
  activesupport (4.0.4) lib/active_support/cache/strategy/local_cache.rb:83:in `call'
  rack (1.5.2) lib/rack/lock.rb:17:in `call'
  actionpack (4.0.4) lib/action_dispatch/middleware/static.rb:64:in `call'
  rack (1.5.2) lib/rack/sendfile.rb:112:in `call'
  railties (4.0.4) lib/rails/engine.rb:511:in `call'
  railties (4.0.4) lib/rails/application.rb:97:in `call'
  rack (1.5.2) lib/rack/lock.rb:17:in `call'
  rack (1.5.2) lib/rack/content_length.rb:14:in `call'
  rack (1.5.2) lib/rack/handler/webrick.rb:60:in `service'
  /Users/Greg/.rvm/rubies/ruby-2.1.0/lib/ruby/2.1.0/webrick/httpserver.rb:138:in `service'
  /Users/Greg/.rvm/rubies/ruby-2.1.0/lib/ruby/2.1.0/webrick/httpserver.rb:94:in `run'
  /Users/Greg/.rvm/rubies/ruby-2.1.0/lib/ruby/2.1.0/webrick/server.rb:295:in `block in start_thread'


  Rendered /Users/Greg/.rvm/gems/ruby-2.1.0/gems/actionpack-4.0.4/lib/action_dispatch/middleware/templates/rescues/_trace.erb (2.0ms)
  Rendered /Users/Greg/.rvm/gems/ruby-2.1.0/gems/actionpack-4.0.4/lib/action_dispatch/middleware/templates/routes/_route.html.erb (2.2ms)
  Rendered /Users/Greg/.rvm/gems/ruby-2.1.0/gems/actionpack-4.0.4/lib/action_dispatch/middleware/templates/routes/_table.html.erb (1.3ms)
  Rendered /Users/Greg/.rvm/gems/ruby-2.1.0/gems/actionpack-4.0.4/lib/action_dispatch/middleware/templates/rescues/routing_error.erb within rescues/layout (23.0ms)


Started GET "/cars" for 127.0.0.1 at 2014-04-08 20:19:55 -0700
Processing by CarsController#index as HTML
  [1m[36mUser Load (0.1ms)[0m  [1mSELECT "users".* FROM "users" WHERE "users"."id" = ? LIMIT 1[0m  [["id", 1]]
  [1m[35mOwnership Load (0.1ms)[0m  SELECT "ownerships".* FROM "ownerships" WHERE "ownerships"."user_id" = ?  [["user_id", 1]]
  [1m[36mCar Load (0.1ms)[0m  [1mSELECT "cars".* FROM "cars" WHERE "cars"."id" = ? LIMIT 1[0m  [["id", 4]]
  [1m[35mCar Load (0.1ms)[0m  SELECT "cars".* FROM "cars" WHERE "cars"."id" = ? LIMIT 1  [["id", 5]]
  Rendered cars/index.html.erb within layouts/application (0.8ms)
Completed 200 OK in 9ms (Views: 4.6ms | ActiveRecord: 0.4ms)


Started GET "/assets/bootstrap_overrides.css?body=1" for 127.0.0.1 at 2014-04-08 20:19:55 -0700


Started GET "/assets/application.css?body=1" for 127.0.0.1 at 2014-04-08 20:19:55 -0700


Started GET "/assets/jquery_ujs.js?body=1" for 127.0.0.1 at 2014-04-08 20:19:55 -0700


Started GET "/assets/application.js?body=1" for 127.0.0.1 at 2014-04-08 20:19:55 -0700


Started GET "/assets/jquery.js?body=1" for 127.0.0.1 at 2014-04-08 20:19:55 -0700


Started DELETE "/cars/4" for 127.0.0.1 at 2014-04-08 20:19:58 -0700

ActionController::RoutingError (No route matches [DELETE] "/cars/4"):
  actionpack (4.0.4) lib/action_dispatch/middleware/debug_exceptions.rb:21:in `call'
  actionpack (4.0.4) lib/action_dispatch/middleware/show_exceptions.rb:30:in `call'
  railties (4.0.4) lib/rails/rack/logger.rb:38:in `call_app'
  railties (4.0.4) lib/rails/rack/logger.rb:20:in `block in call'
  activesupport (4.0.4) lib/active_support/tagged_logging.rb:68:in `block in tagged'
  activesupport (4.0.4) lib/active_support/tagged_logging.rb:26:in `tagged'
  activesupport (4.0.4) lib/active_support/tagged_logging.rb:68:in `tagged'
  railties (4.0.4) lib/rails/rack/logger.rb:20:in `call'
  actionpack (4.0.4) lib/action_dispatch/middleware/request_id.rb:21:in `call'
  rack (1.5.2) lib/rack/methodoverride.rb:21:in `call'
  rack (1.5.2) lib/rack/runtime.rb:17:in `call'
  activesupport (4.0.4) lib/active_support/cache/strategy/local_cache.rb:83:in `call'
  rack (1.5.2) lib/rack/lock.rb:17:in `call'
  actionpack (4.0.4) lib/action_dispatch/middleware/static.rb:64:in `call'
  rack (1.5.2) lib/rack/sendfile.rb:112:in `call'
  railties (4.0.4) lib/rails/engine.rb:511:in `call'
  railties (4.0.4) lib/rails/application.rb:97:in `call'
  rack (1.5.2) lib/rack/lock.rb:17:in `call'
  rack (1.5.2) lib/rack/content_length.rb:14:in `call'
  rack (1.5.2) lib/rack/handler/webrick.rb:60:in `service'
  /Users/Greg/.rvm/rubies/ruby-2.1.0/lib/ruby/2.1.0/webrick/httpserver.rb:138:in `service'
  /Users/Greg/.rvm/rubies/ruby-2.1.0/lib/ruby/2.1.0/webrick/httpserver.rb:94:in `run'
  /Users/Greg/.rvm/rubies/ruby-2.1.0/lib/ruby/2.1.0/webrick/server.rb:295:in `block in start_thread'


  Rendered /Users/Greg/.rvm/gems/ruby-2.1.0/gems/actionpack-4.0.4/lib/action_dispatch/middleware/templates/rescues/_trace.erb (1.7ms)
  Rendered /Users/Greg/.rvm/gems/ruby-2.1.0/gems/actionpack-4.0.4/lib/action_dispatch/middleware/templates/routes/_route.html.erb (1.7ms)
  Rendered /Users/Greg/.rvm/gems/ruby-2.1.0/gems/actionpack-4.0.4/lib/action_dispatch/middleware/templates/routes/_table.html.erb (1.8ms)
  Rendered /Users/Greg/.rvm/gems/ruby-2.1.0/gems/actionpack-4.0.4/lib/action_dispatch/middleware/templates/rescues/routing_error.erb within rescues/layout (24.1ms)


Started DELETE "/cars/4" for 127.0.0.1 at 2014-04-08 20:22:24 -0700

AbstractController::ActionNotFound (The action 'destroy' could not be found for CarsController):
  actionpack (4.0.4) lib/abstract_controller/base.rb:131:in `process'
  actionpack (4.0.4) lib/abstract_controller/rendering.rb:44:in `process'
  actionpack (4.0.4) lib/action_controller/metal.rb:195:in `dispatch'
  actionpack (4.0.4) lib/action_controller/metal/rack_delegation.rb:13:in `dispatch'
  actionpack (4.0.4) lib/action_controller/metal.rb:231:in `block in action'
  actionpack (4.0.4) lib/action_dispatch/routing/route_set.rb:80:in `call'
  actionpack (4.0.4) lib/action_dispatch/routing/route_set.rb:80:in `dispatch'
  actionpack (4.0.4) lib/action_dispatch/routing/route_set.rb:48:in `call'
  actionpack (4.0.4) lib/action_dispatch/journey/router.rb:71:in `block in call'
  actionpack (4.0.4) lib/action_dispatch/journey/router.rb:59:in `each'
  actionpack (4.0.4) lib/action_dispatch/journey/router.rb:59:in `call'
  actionpack (4.0.4) lib/action_dispatch/routing/route_set.rb:674:in `call'
  rack (1.5.2) lib/rack/etag.rb:23:in `call'
  rack (1.5.2) lib/rack/conditionalget.rb:35:in `call'
  rack (1.5.2) lib/rack/head.rb:11:in `call'
  actionpack (4.0.4) lib/action_dispatch/middleware/params_parser.rb:27:in `call'
  actionpack (4.0.4) lib/action_dispatch/middleware/flash.rb:241:in `call'
  rack (1.5.2) lib/rack/session/abstract/id.rb:225:in `context'
  rack (1.5.2) lib/rack/session/abstract/id.rb:220:in `call'
  actionpack (4.0.4) lib/action_dispatch/middleware/cookies.rb:486:in `call'
  activerecord (4.0.4) lib/active_record/query_cache.rb:36:in `call'
  activerecord (4.0.4) lib/active_record/connection_adapters/abstract/connection_pool.rb:626:in `call'
  activerecord (4.0.4) lib/active_record/migration.rb:373:in `call'
  actionpack (4.0.4) lib/action_dispatch/middleware/callbacks.rb:29:in `block in call'
  activesupport (4.0.4) lib/active_support/callbacks.rb:373:in `_run__76127618119802857__call__callbacks'
  activesupport (4.0.4) lib/active_support/callbacks.rb:80:in `run_callbacks'
  actionpack (4.0.4) lib/action_dispatch/middleware/callbacks.rb:27:in `call'
  actionpack (4.0.4) lib/action_dispatch/middleware/reloader.rb:64:in `call'
  actionpack (4.0.4) lib/action_dispatch/middleware/remote_ip.rb:76:in `call'
  actionpack (4.0.4) lib/action_dispatch/middleware/debug_exceptions.rb:17:in `call'
  actionpack (4.0.4) lib/action_dispatch/middleware/show_exceptions.rb:30:in `call'
  railties (4.0.4) lib/rails/rack/logger.rb:38:in `call_app'
  railties (4.0.4) lib/rails/rack/logger.rb:20:in `block in call'
  activesupport (4.0.4) lib/active_support/tagged_logging.rb:68:in `block in tagged'
  activesupport (4.0.4) lib/active_support/tagged_logging.rb:26:in `tagged'
  activesupport (4.0.4) lib/active_support/tagged_logging.rb:68:in `tagged'
  railties (4.0.4) lib/rails/rack/logger.rb:20:in `call'
  actionpack (4.0.4) lib/action_dispatch/middleware/request_id.rb:21:in `call'
  rack (1.5.2) lib/rack/methodoverride.rb:21:in `call'
  rack (1.5.2) lib/rack/runtime.rb:17:in `call'
  activesupport (4.0.4) lib/active_support/cache/strategy/local_cache.rb:83:in `call'
  rack (1.5.2) lib/rack/lock.rb:17:in `call'
  actionpack (4.0.4) lib/action_dispatch/middleware/static.rb:64:in `call'
  rack (1.5.2) lib/rack/sendfile.rb:112:in `call'
  railties (4.0.4) lib/rails/engine.rb:511:in `call'
  railties (4.0.4) lib/rails/application.rb:97:in `call'
  rack (1.5.2) lib/rack/lock.rb:17:in `call'
  rack (1.5.2) lib/rack/content_length.rb:14:in `call'
  rack (1.5.2) lib/rack/handler/webrick.rb:60:in `service'
  /Users/Greg/.rvm/rubies/ruby-2.1.0/lib/ruby/2.1.0/webrick/httpserver.rb:138:in `service'
  /Users/Greg/.rvm/rubies/ruby-2.1.0/lib/ruby/2.1.0/webrick/httpserver.rb:94:in `run'
  /Users/Greg/.rvm/rubies/ruby-2.1.0/lib/ruby/2.1.0/webrick/server.rb:295:in `block in start_thread'


  Rendered /Users/Greg/.rvm/gems/ruby-2.1.0/gems/actionpack-4.0.4/lib/action_dispatch/middleware/templates/rescues/unknown_action.erb within rescues/layout (0.8ms)


Started DELETE "/cars/4" for 127.0.0.1 at 2014-04-08 20:25:50 -0700
Processing by CarsController#destroy as HTML
  Parameters: {"authenticity_token"=>"8Dbwq1whWRn2vhrF0wlnw8wkE/EWA4KrAUqC763h4TM=", "id"=>"4"}
  [1m[36mUser Load (0.1ms)[0m  [1mSELECT "users".* FROM "users" WHERE "users"."id" = ? LIMIT 1[0m  [["id", 1]]
  [1m[35mCar Load (0.1ms)[0m  SELECT "cars".* FROM "cars" WHERE "cars"."id" = ? LIMIT 1  [["id", "4"]]
  [1m[36m (0.1ms)[0m  [1mbegin transaction[0m
  [1m[35mSQL (0.3ms)[0m  DELETE FROM "cars" WHERE "cars"."id" = ?  [["id", 4]]
  [1m[36m (2.2ms)[0m  [1mcommit transaction[0m
Redirected to http://localhost:3000/cars
Completed 302 Found in 22ms (ActiveRecord: 3.6ms)


Started GET "/cars" for 127.0.0.1 at 2014-04-08 20:25:50 -0700
Processing by CarsController#index as HTML
  [1m[35mUser Load (0.1ms)[0m  SELECT "users".* FROM "users" WHERE "users"."id" = ? LIMIT 1  [["id", 1]]
  [1m[36mOwnership Load (0.2ms)[0m  [1mSELECT "ownerships".* FROM "ownerships" WHERE "ownerships"."user_id" = ?[0m  [["user_id", 1]]
  [1m[35mCar Load (0.1ms)[0m  SELECT "cars".* FROM "cars" WHERE "cars"."id" = ? LIMIT 1  [["id", 4]]
  [1m[36mCar Load (0.1ms)[0m  [1mSELECT "cars".* FROM "cars" WHERE "cars"."id" = ? LIMIT 1[0m  [["id", 5]]
  Rendered cars/index.html.erb within layouts/application (1.3ms)
Completed 500 Internal Server Error in 16ms

ActionView::Template::Error (undefined method `year' for nil:NilClass):
     5: <ul class='list-group'>
     6: <% @cars.each do |car| %>
     7:   <li class='list-group-item'>
     8:     <%= car.year %> <%= car.make %> <%= car.car_model %>
     9:     <%= link_to "Delete", "/cars/#{car.id}", method: :delete, class: "pull-right" %>
    10:   </li>
    11: <% end %>
  app/views/cars/index.html.erb:8:in `block in _app_views_cars_index_html_erb__753087476275927479_2210991760'
  app/views/cars/index.html.erb:6:in `each'
  app/views/cars/index.html.erb:6:in `_app_views_cars_index_html_erb__753087476275927479_2210991760'


  Rendered /Users/Greg/.rvm/gems/ruby-2.1.0/gems/actionpack-4.0.4/lib/action_dispatch/middleware/templates/rescues/_trace.erb (1.7ms)
  Rendered /Users/Greg/.rvm/gems/ruby-2.1.0/gems/actionpack-4.0.4/lib/action_dispatch/middleware/templates/rescues/_request_and_response.erb (1.1ms)
  Rendered /Users/Greg/.rvm/gems/ruby-2.1.0/gems/actionpack-4.0.4/lib/action_dispatch/middleware/templates/rescues/template_error.erb within rescues/layout (17.4ms)


Started GET "/cars" for 127.0.0.1 at 2014-04-08 20:30:36 -0700
Processing by CarsController#index as HTML
  [1m[35mUser Load (0.1ms)[0m  SELECT "users".* FROM "users" WHERE "users"."id" = ? LIMIT 1  [["id", 1]]
  [1m[36mOwnership Load (0.1ms)[0m  [1mSELECT "ownerships".* FROM "ownerships" WHERE "ownerships"."user_id" = ?[0m  [["user_id", 1]]
  [1m[35mCar Load (0.1ms)[0m  SELECT "cars".* FROM "cars" WHERE "cars"."id" = ? LIMIT 1  [["id", 4]]
  [1m[36mCar Load (0.1ms)[0m  [1mSELECT "cars".* FROM "cars" WHERE "cars"."id" = ? LIMIT 1[0m  [["id", 5]]
  Rendered cars/index.html.erb within layouts/application (0.9ms)
Completed 500 Internal Server Error in 29ms

ActionView::Template::Error (undefined method `year' for nil:NilClass):
     5: <ul class='list-group'>
     6: <% @cars.each do |car| %>
     7:   <li class='list-group-item'>
     8:     <%= car.year %> <%= car.make %> <%= car.car_model %>
     9:     <%= link_to "Delete", "/cars/#{car.id}", method: :delete, class: "pull-right" %>
    10:   </li>
    11: <% end %>
  app/views/cars/index.html.erb:8:in `block in _app_views_cars_index_html_erb__753087476275927479_2210991760'
  app/views/cars/index.html.erb:6:in `each'
  app/views/cars/index.html.erb:6:in `_app_views_cars_index_html_erb__753087476275927479_2210991760'


  Rendered /Users/Greg/.rvm/gems/ruby-2.1.0/gems/actionpack-4.0.4/lib/action_dispatch/middleware/templates/rescues/_trace.erb (1.4ms)
  Rendered /Users/Greg/.rvm/gems/ruby-2.1.0/gems/actionpack-4.0.4/lib/action_dispatch/middleware/templates/rescues/_request_and_response.erb (1.1ms)
  Rendered /Users/Greg/.rvm/gems/ruby-2.1.0/gems/actionpack-4.0.4/lib/action_dispatch/middleware/templates/rescues/template_error.erb within rescues/layout (17.8ms)


Started GET "/cars" for 127.0.0.1 at 2014-04-08 20:30:39 -0700
Processing by CarsController#index as HTML
  [1m[35mUser Load (0.2ms)[0m  SELECT "users".* FROM "users" WHERE "users"."id" = ? LIMIT 1  [["id", 1]]
  [1m[36mOwnership Load (0.1ms)[0m  [1mSELECT "ownerships".* FROM "ownerships" WHERE "ownerships"."user_id" = ?[0m  [["user_id", 1]]
  [1m[35mCar Load (0.2ms)[0m  SELECT "cars".* FROM "cars" WHERE "cars"."id" = ? LIMIT 1  [["id", 4]]
  [1m[36mCar Load (0.1ms)[0m  [1mSELECT "cars".* FROM "cars" WHERE "cars"."id" = ? LIMIT 1[0m  [["id", 5]]
  Rendered cars/index.html.erb within layouts/application (1.1ms)
Completed 500 Internal Server Error in 8ms

ActionView::Template::Error (undefined method `year' for nil:NilClass):
     5: <ul class='list-group'>
     6: <% @cars.each do |car| %>
     7:   <li class='list-group-item'>
     8:     <%= car.year %> <%= car.make %> <%= car.car_model %>
     9:     <%= link_to "Delete", "/cars/#{car.id}", method: :delete, class: "pull-right" %>
    10:   </li>
    11: <% end %>
  app/views/cars/index.html.erb:8:in `block in _app_views_cars_index_html_erb__753087476275927479_2210991760'
  app/views/cars/index.html.erb:6:in `each'
  app/views/cars/index.html.erb:6:in `_app_views_cars_index_html_erb__753087476275927479_2210991760'


  Rendered /Users/Greg/.rvm/gems/ruby-2.1.0/gems/actionpack-4.0.4/lib/action_dispatch/middleware/templates/rescues/_trace.erb (1.6ms)
  Rendered /Users/Greg/.rvm/gems/ruby-2.1.0/gems/actionpack-4.0.4/lib/action_dispatch/middleware/templates/rescues/_request_and_response.erb (1.1ms)
  Rendered /Users/Greg/.rvm/gems/ruby-2.1.0/gems/actionpack-4.0.4/lib/action_dispatch/middleware/templates/rescues/template_error.erb within rescues/layout (12.4ms)
  [1m[36mOwnership Load (0.5ms)[0m  [1mSELECT "ownerships".* FROM "ownerships"[0m
  [1m[35mOwnership Load (0.2ms)[0m  SELECT "ownerships".* FROM "ownerships" WHERE "ownerships"."car_id" = 4
  [1m[36mOwnership Load (0.3ms)[0m  [1mSELECT "ownerships".* FROM "ownerships" WHERE "ownerships"."car_id" = 4[0m
  [1m[35m (0.1ms)[0m  begin transaction
  [1m[36mSQL (0.5ms)[0m  [1mDELETE FROM "ownerships" WHERE "ownerships"."id" = ?[0m  [["id", 1]]
  [1m[35m (1.1ms)[0m  commit transaction


Started GET "/cars" for 127.0.0.1 at 2014-04-08 20:32:48 -0700
Processing by CarsController#index as HTML
  [1m[35mUser Load (0.2ms)[0m  SELECT "users".* FROM "users" WHERE "users"."id" = ? LIMIT 1  [["id", 1]]
  [1m[36mOwnership Load (0.1ms)[0m  [1mSELECT "ownerships".* FROM "ownerships" WHERE "ownerships"."user_id" = ?[0m  [["user_id", 1]]
  [1m[35mCar Load (0.1ms)[0m  SELECT "cars".* FROM "cars" WHERE "cars"."id" = ? LIMIT 1  [["id", 5]]
  Rendered cars/index.html.erb within layouts/application (0.3ms)
Completed 200 OK in 8ms (Views: 4.7ms | ActiveRecord: 0.4ms)


Started GET "/assets/application.css?body=1" for 127.0.0.1 at 2014-04-08 20:32:48 -0700


Started GET "/assets/jquery.js?body=1" for 127.0.0.1 at 2014-04-08 20:32:48 -0700


Started GET "/assets/bootstrap_overrides.css?body=1" for 127.0.0.1 at 2014-04-08 20:32:48 -0700


Started GET "/assets/application.js?body=1" for 127.0.0.1 at 2014-04-08 20:32:48 -0700


Started GET "/assets/jquery_ujs.js?body=1" for 127.0.0.1 at 2014-04-08 20:32:48 -0700


Started GET "/cars/new" for 127.0.0.1 at 2014-04-08 20:35:09 -0700
Processing by CarsController#new as HTML
  [1m[36mUser Load (0.1ms)[0m  [1mSELECT "users".* FROM "users" WHERE "users"."id" = ? LIMIT 1[0m  [["id", 1]]
  Rendered cars/new.html.erb within layouts/application (1.4ms)
Completed 200 OK in 7ms (Views: 5.7ms | ActiveRecord: 0.1ms)


Started GET "/assets/application.css?body=1" for 127.0.0.1 at 2014-04-08 20:35:09 -0700


Started GET "/assets/bootstrap_overrides.css?body=1" for 127.0.0.1 at 2014-04-08 20:35:09 -0700


Started GET "/assets/jquery.js?body=1" for 127.0.0.1 at 2014-04-08 20:35:09 -0700


Started GET "/assets/jquery_ujs.js?body=1" for 127.0.0.1 at 2014-04-08 20:35:09 -0700


Started GET "/assets/application.js?body=1" for 127.0.0.1 at 2014-04-08 20:35:09 -0700


Started POST "/cars" for 127.0.0.1 at 2014-04-08 20:35:14 -0700
Processing by CarsController#create as HTML
  Parameters: {"utf8"=>"✓", "authenticity_token"=>"8Dbwq1whWRn2vhrF0wlnw8wkE/EWA4KrAUqC763h4TM=", "car"=>{"year"=>"5000", "make"=>"asdasd", "car_model"=>"asdsa"}, "commit"=>"Create New Car"}
  [1m[35mUser Load (0.2ms)[0m  SELECT "users".* FROM "users" WHERE "users"."id" = ? LIMIT 1  [["id", 1]]
  [1m[36m (0.2ms)[0m  [1mbegin transaction[0m
  [1m[35mSQL (0.7ms)[0m  INSERT INTO "cars" ("car_model", "created_at", "make", "updated_at", "year") VALUES (?, ?, ?, ?, ?)  [["car_model", "asdsa"], ["created_at", Wed, 09 Apr 2014 03:35:14 UTC +00:00], ["make", "asdasd"], ["updated_at", Wed, 09 Apr 2014 03:35:14 UTC +00:00], ["year", 5000]]
  [1m[36m (0.8ms)[0m  [1mcommit transaction[0m
  [1m[35m (0.1ms)[0m  begin transaction
  [1m[36mSQL (0.7ms)[0m  [1mINSERT INTO "ownerships" ("car_id", "created_at", "updated_at", "user_id") VALUES (?, ?, ?, ?)[0m  [["car_id", 7], ["created_at", Wed, 09 Apr 2014 03:35:14 UTC +00:00], ["updated_at", Wed, 09 Apr 2014 03:35:14 UTC +00:00], ["user_id", 1]]
  [1m[35m (1.0ms)[0m  commit transaction
Redirected to http://localhost:3000/cars
Completed 302 Found in 16ms (ActiveRecord: 3.6ms)


Started GET "/cars" for 127.0.0.1 at 2014-04-08 20:35:14 -0700
Processing by CarsController#index as HTML
  [1m[36mUser Load (0.1ms)[0m  [1mSELECT "users".* FROM "users" WHERE "users"."id" = ? LIMIT 1[0m  [["id", 1]]
  [1m[35mOwnership Load (0.1ms)[0m  SELECT "ownerships".* FROM "ownerships" WHERE "ownerships"."user_id" = ?  [["user_id", 1]]
  [1m[36mCar Load (0.2ms)[0m  [1mSELECT "cars".* FROM "cars" WHERE "cars"."id" = ? LIMIT 1[0m  [["id", 5]]
  [1m[35mCar Load (0.1ms)[0m  SELECT "cars".* FROM "cars" WHERE "cars"."id" = ? LIMIT 1  [["id", 7]]
  Rendered cars/index.html.erb within layouts/application (0.5ms)
Completed 200 OK in 9ms (Views: 4.2ms | ActiveRecord: 0.5ms)


Started GET "/assets/bootstrap_overrides.css?body=1" for 127.0.0.1 at 2014-04-08 20:35:14 -0700


Started GET "/assets/jquery_ujs.js?body=1" for 127.0.0.1 at 2014-04-08 20:35:14 -0700


Started GET "/assets/application.js?body=1" for 127.0.0.1 at 2014-04-08 20:35:14 -0700


Started GET "/assets/jquery.js?body=1" for 127.0.0.1 at 2014-04-08 20:35:14 -0700


Started GET "/assets/application.css?body=1" for 127.0.0.1 at 2014-04-08 20:35:14 -0700


Started DELETE "/cars/7" for 127.0.0.1 at 2014-04-08 20:35:17 -0700
Processing by CarsController#destroy as HTML
  Parameters: {"authenticity_token"=>"8Dbwq1whWRn2vhrF0wlnw8wkE/EWA4KrAUqC763h4TM=", "id"=>"7"}
  [1m[36mUser Load (0.2ms)[0m  [1mSELECT "users".* FROM "users" WHERE "users"."id" = ? LIMIT 1[0m  [["id", 1]]
  [1m[35mCar Load (0.1ms)[0m  SELECT "cars".* FROM "cars" WHERE "cars"."id" = ? LIMIT 1  [["id", "7"]]
  [1m[36m (0.1ms)[0m  [1mbegin transaction[0m
  [1m[35mSQL (0.3ms)[0m  DELETE FROM "cars" WHERE "cars"."id" = ?  [["id", 7]]
  [1m[36m (0.8ms)[0m  [1mcommit transaction[0m
  [1m[35mOwnership Load (0.3ms)[0m  SELECT "ownerships".* FROM "ownerships" WHERE "ownerships"."car_id" = 7
  [1m[36m (0.1ms)[0m  [1mbegin transaction[0m
  [1m[35mSQL (0.3ms)[0m  DELETE FROM "ownerships" WHERE "ownerships"."id" = ?  [["id", 4]]
  [1m[36m (0.8ms)[0m  [1mcommit transaction[0m
Redirected to http://localhost:3000/cars
Completed 302 Found in 10ms (ActiveRecord: 2.9ms)


Started GET "/cars" for 127.0.0.1 at 2014-04-08 20:35:17 -0700
Processing by CarsController#index as HTML
  [1m[35mUser Load (0.1ms)[0m  SELECT "users".* FROM "users" WHERE "users"."id" = ? LIMIT 1  [["id", 1]]
  [1m[36mOwnership Load (0.1ms)[0m  [1mSELECT "ownerships".* FROM "ownerships" WHERE "ownerships"."user_id" = ?[0m  [["user_id", 1]]
  [1m[35mCar Load (0.1ms)[0m  SELECT "cars".* FROM "cars" WHERE "cars"."id" = ? LIMIT 1  [["id", 5]]
  Rendered cars/index.html.erb within layouts/application (0.3ms)
Completed 200 OK in 8ms (Views: 3.7ms | ActiveRecord: 0.4ms)


Started GET "/assets/bootstrap_overrides.css?body=1" for 127.0.0.1 at 2014-04-08 20:35:17 -0700


Started GET "/assets/application.css?body=1" for 127.0.0.1 at 2014-04-08 20:35:17 -0700


Started GET "/assets/jquery.js?body=1" for 127.0.0.1 at 2014-04-08 20:35:17 -0700


Started GET "/assets/application.js?body=1" for 127.0.0.1 at 2014-04-08 20:35:17 -0700


Started GET "/assets/jquery_ujs.js?body=1" for 127.0.0.1 at 2014-04-08 20:35:17 -0700


Started GET "/cars" for 127.0.0.1 at 2014-04-08 20:36:28 -0700
Processing by CarsController#index as HTML
  [1m[36mUser Load (0.1ms)[0m  [1mSELECT "users".* FROM "users" WHERE "users"."id" = ? LIMIT 1[0m  [["id", 1]]
  [1m[35mOwnership Load (0.1ms)[0m  SELECT "ownerships".* FROM "ownerships" WHERE "ownerships"."user_id" = ?  [["user_id", 1]]
  [1m[36mCar Load (0.1ms)[0m  [1mSELECT "cars".* FROM "cars" WHERE "cars"."id" = ? LIMIT 1[0m  [["id", 5]]
  Rendered cars/index.html.erb within layouts/application (0.8ms)
Completed 200 OK in 7ms (Views: 4.6ms | ActiveRecord: 0.3ms)


Started GET "/assets/bootstrap_overrides.css?body=1" for 127.0.0.1 at 2014-04-08 20:36:28 -0700


Started GET "/assets/application.css?body=1" for 127.0.0.1 at 2014-04-08 20:36:28 -0700


Started GET "/assets/jquery.js?body=1" for 127.0.0.1 at 2014-04-08 20:36:28 -0700


Started GET "/assets/jquery_ujs.js?body=1" for 127.0.0.1 at 2014-04-08 20:36:28 -0700


Started GET "/assets/application.js?body=1" for 127.0.0.1 at 2014-04-08 20:36:28 -0700


Started GET "/cars" for 127.0.0.1 at 2014-04-08 20:36:49 -0700
Processing by CarsController#index as HTML
  [1m[35mUser Load (0.1ms)[0m  SELECT "users".* FROM "users" WHERE "users"."id" = ? LIMIT 1  [["id", 1]]
  [1m[36mOwnership Load (0.1ms)[0m  [1mSELECT "ownerships".* FROM "ownerships" WHERE "ownerships"."user_id" = ?[0m  [["user_id", 1]]
  [1m[35mCar Load (0.2ms)[0m  SELECT "cars".* FROM "cars" WHERE "cars"."id" = ? LIMIT 1  [["id", 5]]
  Rendered cars/index.html.erb within layouts/application (0.9ms)
Completed 200 OK in 8ms (Views: 4.9ms | ActiveRecord: 0.4ms)


Started GET "/assets/jquery_ujs.js?body=1" for 127.0.0.1 at 2014-04-08 20:36:49 -0700


Started GET "/assets/bootstrap_overrides.css?body=1" for 127.0.0.1 at 2014-04-08 20:36:49 -0700


Started GET "/assets/application.css?body=1" for 127.0.0.1 at 2014-04-08 20:36:49 -0700


Started GET "/assets/jquery.js?body=1" for 127.0.0.1 at 2014-04-08 20:36:49 -0700


Started GET "/assets/application.js?body=1" for 127.0.0.1 at 2014-04-08 20:36:49 -0700


Started GET "/cars" for 127.0.0.1 at 2014-04-08 20:37:09 -0700
Processing by CarsController#index as HTML
  [1m[36mUser Load (0.1ms)[0m  [1mSELECT "users".* FROM "users" WHERE "users"."id" = ? LIMIT 1[0m  [["id", 1]]
  [1m[35mOwnership Load (0.1ms)[0m  SELECT "ownerships".* FROM "ownerships" WHERE "ownerships"."user_id" = ?  [["user_id", 1]]
  [1m[36mCar Load (0.1ms)[0m  [1mSELECT "cars".* FROM "cars" WHERE "cars"."id" = ? LIMIT 1[0m  [["id", 5]]
  Rendered cars/index.html.erb within layouts/application (0.8ms)
Completed 200 OK in 7ms (Views: 4.5ms | ActiveRecord: 0.2ms)


Started GET "/assets/application.css?body=1" for 127.0.0.1 at 2014-04-08 20:37:09 -0700


Started GET "/assets/bootstrap_overrides.css?body=1" for 127.0.0.1 at 2014-04-08 20:37:09 -0700


Started GET "/assets/jquery_ujs.js?body=1" for 127.0.0.1 at 2014-04-08 20:37:09 -0700


Started GET "/assets/application.js?body=1" for 127.0.0.1 at 2014-04-08 20:37:09 -0700


Started GET "/assets/jquery.js?body=1" for 127.0.0.1 at 2014-04-08 20:37:09 -0700


Started GET "/cars" for 127.0.0.1 at 2014-04-08 20:38:27 -0700
Processing by CarsController#index as HTML
  [1m[35mUser Load (0.1ms)[0m  SELECT "users".* FROM "users" WHERE "users"."id" = ? LIMIT 1  [["id", 1]]
  [1m[36mOwnership Load (0.1ms)[0m  [1mSELECT "ownerships".* FROM "ownerships" WHERE "ownerships"."user_id" = ?[0m  [["user_id", 1]]
  [1m[35mCar Load (0.1ms)[0m  SELECT "cars".* FROM "cars" WHERE "cars"."id" = ? LIMIT 1  [["id", 5]]
  Rendered cars/index.html.erb within layouts/application (0.3ms)
Completed 200 OK in 8ms (Views: 5.0ms | ActiveRecord: 0.3ms)


Started GET "/assets/bootstrap_overrides.css?body=1" for 127.0.0.1 at 2014-04-08 20:38:27 -0700


Started GET "/assets/application.css?body=1" for 127.0.0.1 at 2014-04-08 20:38:28 -0700


Started GET "/assets/jquery.js?body=1" for 127.0.0.1 at 2014-04-08 20:38:28 -0700


Started GET "/assets/jquery_ujs.js?body=1" for 127.0.0.1 at 2014-04-08 20:38:28 -0700


Started GET "/assets/application.js?body=1" for 127.0.0.1 at 2014-04-08 20:38:28 -0700


Started GET "/cars" for 127.0.0.1 at 2014-04-08 21:00:11 -0700
Processing by CarsController#index as HTML
  [1m[36mUser Load (0.2ms)[0m  [1mSELECT "users".* FROM "users" WHERE "users"."id" = ? LIMIT 1[0m  [["id", 1]]
  [1m[35mOwnership Load (0.2ms)[0m  SELECT "ownerships".* FROM "ownerships" WHERE "ownerships"."user_id" = ?  [["user_id", 1]]
  [1m[36mCar Load (0.1ms)[0m  [1mSELECT "cars".* FROM "cars" WHERE "cars"."id" = ? LIMIT 1[0m  [["id", 5]]
  Rendered cars/index.html.erb within layouts/application (1.6ms)
Completed 200 OK in 38ms (Views: 4.9ms | ActiveRecord: 2.0ms)


Started GET "/assets/application.css?body=1" for 127.0.0.1 at 2014-04-08 21:00:11 -0700


Started GET "/assets/bootstrap_overrides.css?body=1" for 127.0.0.1 at 2014-04-08 21:00:11 -0700


Started GET "/assets/jquery_ujs.js?body=1" for 127.0.0.1 at 2014-04-08 21:00:11 -0700


Started GET "/assets/application.js?body=1" for 127.0.0.1 at 2014-04-08 21:00:11 -0700


Started GET "/assets/jquery.js?body=1" for 127.0.0.1 at 2014-04-08 21:00:11 -0700
  [1m[36mUser Load (0.2ms)[0m  [1mSELECT "users".* FROM "users" ORDER BY "users"."id" ASC LIMIT 1[0m


Started GET "/logout" for 127.0.0.1 at 2014-04-08 21:12:14 -0700
Processing by SessionsController#destroy as HTML
Redirected to http://localhost:3000/cars
Completed 302 Found in 1ms (ActiveRecord: 0.0ms)


Started GET "/cars" for 127.0.0.1 at 2014-04-08 21:12:14 -0700
Processing by CarsController#index as HTML
Redirected to http://localhost:3000/login
Filter chain halted as :authorize rendered or redirected
Completed 302 Found in 2ms (ActiveRecord: 0.0ms)


Started GET "/login" for 127.0.0.1 at 2014-04-08 21:12:14 -0700
Processing by SessionsController#new as HTML
  Rendered sessions/new.html.erb within layouts/application (0.5ms)
Completed 200 OK in 6ms (Views: 4.8ms | ActiveRecord: 0.0ms)


Started GET "/signup" for 127.0.0.1 at 2014-04-08 21:12:17 -0700
Processing by UsersController#new as HTML
  Rendered users/new.html.erb within layouts/application (4.5ms)
Completed 200 OK in 22ms (Views: 17.9ms | ActiveRecord: 0.0ms)


Started POST "/signup" for 127.0.0.1 at 2014-04-08 21:12:41 -0700
Processing by UsersController#create as HTML
  Parameters: {"utf8"=>"✓", "authenticity_token"=>"8Dbwq1whWRn2vhrF0wlnw8wkE/EWA4KrAUqC763h4TM=", "user"=>{"name"=>"Patrick Bateman", "email"=>"greg@letsat.com", "password"=>"[FILTERED]", "password_confirmation"=>"[FILTERED]"}, "commit"=>"Join Garage.io"}
  [1m[35m (0.1ms)[0m  begin transaction
  [1m[36mUser Exists (0.1ms)[0m  [1mSELECT 1 AS one FROM "users" WHERE "users"."email" = 'greg@letsat.com' LIMIT 1[0m
Binary data inserted for `string` type on column `password_digest`
  [1m[35mSQL (0.4ms)[0m  INSERT INTO "users" ("created_at", "email", "name", "password_digest", "updated_at") VALUES (?, ?, ?, ?, ?)  [["created_at", Wed, 09 Apr 2014 04:12:41 UTC +00:00], ["email", "greg@letsat.com"], ["name", "Patrick Bateman"], ["password_digest", "$2a$10$1IxGnZi2xj/oJIL9fX4z6OR0cuf4F18YMEtN8OLvBXEH2jgZW6OPO"], ["updated_at", Wed, 09 Apr 2014 04:12:41 UTC +00:00]]
  [1m[36m (2.3ms)[0m  [1mcommit transaction[0m
  Rendered user_mailer/welcome_email.html.erb (1.2ms)

Sent mail to greg@letsat.com (121.1ms)
Date: Tue, 08 Apr 2014 21:12:42 -0700
From: welcome@garage.io
To: greg@letsat.com
Message-ID: <5344c8ba24ff5_1065883c07fb497468@gregs-macbook-air-2.local.mail>
Subject: Welcome to garage.io!!!!!!! <3 :)
Mime-Version: 1.0
Content-Type: text/html;
 charset=UTF-8
Content-Transfer-Encoding: 7bit

<h1>Welcome to garage.io</h1>

<p>We're really happy to have you!</p>

<p>Need help? Email us at help@garage.io</p>

<p>Love you! Thanks!!!</p>

<p>The Garage Team</p>
Redirected to http://localhost:3000/cars
Completed 302 Found in 780ms (ActiveRecord: 4.6ms)


Started GET "/cars" for 127.0.0.1 at 2014-04-08 21:12:42 -0700
Processing by CarsController#index as HTML
  [1m[35mUser Load (0.4ms)[0m  SELECT "users".* FROM "users" WHERE "users"."id" = ? LIMIT 1  [["id", 3]]
  [1m[36mOwnership Load (1.0ms)[0m  [1mSELECT "ownerships".* FROM "ownerships" WHERE "ownerships"."user_id" = ?[0m  [["user_id", 3]]
  Rendered cars/index.html.erb within layouts/application (0.1ms)
Completed 200 OK in 40ms (Views: 10.8ms | ActiveRecord: 2.0ms)
  [1m[36mUser Load (0.6ms)[0m  [1mSELECT "users".* FROM "users" ORDER BY "users"."id" ASC LIMIT 1[0m
  Rendered user_mailer/welcome_email.html.erb (2.0ms)

Sent mail to gbuckner23@gmail.com (107.0ms)
Date: Tue, 08 Apr 2014 21:20:40 -0700
From: welcome@garage.io
To: gbuckner23@gmail.com
Message-ID: <5344ca983ddb2_12d558082dbf83547c@gregs-macbook-air-2.local.mail>
Subject: Welcome to garage.io!!!!!!! <3 :)
Mime-Version: 1.0
Content-Type: text/html;
 charset=UTF-8
Content-Transfer-Encoding: 7bit

<h1>Welcome to garage.io</h1>

<p>We're really happy to have you!</p>

<p>Want to see your profile? Follow the link: <a href="http://garage.io/users/1/profile">Profile</a></p>

<p>Love you! Thanks!!!</p>

<p>The Garage Team</p>
